   0  $accept : Program $end

   1  Program : ClassList

   2  ClassList : ClassList ClassDef
   3            | ClassDef

   4  VariableDef : Variable ';'

   5  Variable : Type IDENTIFIER

   6  Type : INT
   7       | VOID
   8       | BOOL
   9       | STRING
  10       | CLASS IDENTIFIER
  11       | Type '[' ']'

  12  ClassDef : SealDef CLASS IDENTIFIER ExtendsClause '{' FieldList '}'

  13  SealDef : SEALED
  14          |

  15  ExtendsClause : EXTENDS IDENTIFIER
  16                |

  17  FieldList : FieldList VariableDef
  18            | FieldList FunctionDef
  19            |

  20  Formals : VariableList
  21          |

  22  VariableList : VariableList ',' Variable
  23               | Variable

  24  FunctionDef : STATIC Type IDENTIFIER '(' Formals ')' StmtBlock
  25              | Type IDENTIFIER '(' Formals ')' StmtBlock

  26  StmtBlock : '{' StmtList '}'

  27  StmtList : StmtList Stmt
  28           |

  29  Stmt : VariableDef
  30       | SimpleStmt ';'
  31       | IfStmt
  32       | GuardedStmt
  33       | WhileStmt
  34       | ForStmt
  35       | ForeachStmt
  36       | ReturnStmt ';'
  37       | PrintStmt ';'
  38       | BreakStmt ';'
  39       | OCStmt ';'
  40       | StmtBlock

  41  SimpleStmt : LValue '=' Expr
  42             | Call
  43             |

  44  Receiver : Expr '.'
  45           |

  46  LValue : Receiver IDENTIFIER
  47         | Expr '[' Expr ']'
  48         | VarDef

  49  VarDef : VAR IDENTIFIER

  50  Call : Receiver IDENTIFIER '(' Actuals ')'

  51  Expr : LValue
  52       | Call
  53       | Constant
  54       | Expr DOUBLEMOD Expr
  55       | Expr DOUBLEPLUS Expr
  56       | Expr '[' Expr ':' Expr ']'
  57       | Expr '[' Expr ']' DEFAULT Expr
  58       | '[' Expr FOR IDENTIFIER IN Expr IF Expr ']'
  59       | '[' Expr FOR IDENTIFIER IN Expr ']'
  60       | Expr '+' Expr
  61       | Expr '-' Expr
  62       | Expr '*' Expr
  63       | Expr '/' Expr
  64       | Expr '%' Expr
  65       | Expr EQUAL Expr
  66       | Expr NOT_EQUAL Expr
  67       | Expr '<' Expr
  68       | Expr '>' Expr
  69       | Expr LESS_EQUAL Expr
  70       | Expr GREATER_EQUAL Expr
  71       | Expr AND Expr
  72       | Expr OR Expr
  73       | '(' Expr ')'
  74       | '-' Expr
  75       | '!' Expr
  76       | READ_INTEGER '(' ')'
  77       | READ_LINE '(' ')'
  78       | THIS
  79       | NEW IDENTIFIER '(' ')'
  80       | NEW Type '[' Expr ']'
  81       | INSTANCEOF '(' Expr ',' IDENTIFIER ')'
  82       | '(' CLASS IDENTIFIER ')' Expr

  83  Constant : LITERAL
  84           | '[' ConstantList ']'
  85           | '[' ']'
  86           | NULL

  87  ConstantList : ConstantList ',' Constant
  88               | Constant

  89  Actuals : ExprList
  90          |

  91  ExprList : ExprList ',' Expr
  92           | Expr

  93  WhileStmt : WHILE '(' Expr ')' Stmt

  94  ForStmt : FOR '(' SimpleStmt ';' Expr ';' SimpleStmt ')' Stmt

  95  ForeachStmt : FOREACH '(' BoundVar IN Expr WHILE Expr ')' Stmt
  96              | FOREACH '(' BoundVar IN Expr ')' Stmt

  97  BoundVar : Variable
  98           | VarDef

  99  BreakStmt : BREAK

 100  OCStmt : SCOPY '(' IDENTIFIER ',' Expr ')'

 101  IfStmt : IF '(' Expr ')' Stmt ElseClause

 102  GuardedStmt : IF '{' IfSubStmtList '}'

 103  IfSubStmtList : IfSubStmtList IFOR IfSubStmt
 104                | IfSubStmt
 105                |

 106  IfSubStmt : Expr ':' Stmt

 107  ElseClause : ELSE Stmt
 108             |

 109  ReturnStmt : RETURN Expr
 110             | RETURN

 111  PrintStmt : PRINT '(' ExprList ')'

state 0
	$accept : . Program $end  (0)
	SealDef : .  (14)

	SEALED  shift 1
	CLASS  reduce 14

	Program  goto 2
	ClassList  goto 3
	ClassDef  goto 4
	SealDef  goto 5


state 1
	SealDef : SEALED .  (13)

	.  reduce 13


state 2
	$accept : Program . $end  (0)

	$end  accept


state 3
	Program : ClassList .  (1)
	ClassList : ClassList . ClassDef  (2)
	SealDef : .  (14)

	SEALED  shift 1
	$end  reduce 1
	CLASS  reduce 14

	ClassDef  goto 6
	SealDef  goto 5


state 4
	ClassList : ClassDef .  (3)

	.  reduce 3


state 5
	ClassDef : SealDef . CLASS IDENTIFIER ExtendsClause '{' FieldList '}'  (12)

	CLASS  shift 7
	.  error


state 6
	ClassList : ClassList ClassDef .  (2)

	.  reduce 2


state 7
	ClassDef : SealDef CLASS . IDENTIFIER ExtendsClause '{' FieldList '}'  (12)

	IDENTIFIER  shift 8
	.  error


state 8
	ClassDef : SealDef CLASS IDENTIFIER . ExtendsClause '{' FieldList '}'  (12)
	ExtendsClause : .  (16)

	EXTENDS  shift 9
	'{'  reduce 16

	ExtendsClause  goto 10


state 9
	ExtendsClause : EXTENDS . IDENTIFIER  (15)

	IDENTIFIER  shift 11
	.  error


state 10
	ClassDef : SealDef CLASS IDENTIFIER ExtendsClause . '{' FieldList '}'  (12)

	'{'  shift 12
	.  error


state 11
	ExtendsClause : EXTENDS IDENTIFIER .  (15)

	.  reduce 15


state 12
	ClassDef : SealDef CLASS IDENTIFIER ExtendsClause '{' . FieldList '}'  (12)
	FieldList : .  (19)

	.  reduce 19

	FieldList  goto 13


state 13
	ClassDef : SealDef CLASS IDENTIFIER ExtendsClause '{' FieldList . '}'  (12)
	FieldList : FieldList . VariableDef  (17)
	FieldList : FieldList . FunctionDef  (18)

	VOID  shift 14
	BOOL  shift 15
	INT  shift 16
	STRING  shift 17
	CLASS  shift 18
	STATIC  shift 19
	'}'  shift 20
	.  error

	VariableDef  goto 21
	Variable  goto 22
	Type  goto 23
	FunctionDef  goto 24


state 14
	Type : VOID .  (7)

	.  reduce 7


state 15
	Type : BOOL .  (8)

	.  reduce 8


state 16
	Type : INT .  (6)

	.  reduce 6


state 17
	Type : STRING .  (9)

	.  reduce 9


state 18
	Type : CLASS . IDENTIFIER  (10)

	IDENTIFIER  shift 25
	.  error


state 19
	FunctionDef : STATIC . Type IDENTIFIER '(' Formals ')' StmtBlock  (24)

	VOID  shift 14
	BOOL  shift 15
	INT  shift 16
	STRING  shift 17
	CLASS  shift 18
	.  error

	Type  goto 26


state 20
	ClassDef : SealDef CLASS IDENTIFIER ExtendsClause '{' FieldList '}' .  (12)

	.  reduce 12


state 21
	FieldList : FieldList VariableDef .  (17)

	.  reduce 17


state 22
	VariableDef : Variable . ';'  (4)

	';'  shift 27
	.  error


state 23
	Variable : Type . IDENTIFIER  (5)
	Type : Type . '[' ']'  (11)
	FunctionDef : Type . IDENTIFIER '(' Formals ')' StmtBlock  (25)

	IDENTIFIER  shift 28
	'['  shift 29
	.  error


state 24
	FieldList : FieldList FunctionDef .  (18)

	.  reduce 18


state 25
	Type : CLASS IDENTIFIER .  (10)

	.  reduce 10


state 26
	Type : Type . '[' ']'  (11)
	FunctionDef : STATIC Type . IDENTIFIER '(' Formals ')' StmtBlock  (24)

	IDENTIFIER  shift 30
	'['  shift 29
	.  error


state 27
	VariableDef : Variable ';' .  (4)

	.  reduce 4


state 28
	Variable : Type IDENTIFIER .  (5)
	FunctionDef : Type IDENTIFIER . '(' Formals ')' StmtBlock  (25)

	'('  shift 31
	';'  reduce 5


state 29
	Type : Type '[' . ']'  (11)

	']'  shift 32
	.  error


state 30
	FunctionDef : STATIC Type IDENTIFIER . '(' Formals ')' StmtBlock  (24)

	'('  shift 33
	.  error


state 31
	FunctionDef : Type IDENTIFIER '(' . Formals ')' StmtBlock  (25)
	Formals : .  (21)

	VOID  shift 14
	BOOL  shift 15
	INT  shift 16
	STRING  shift 17
	CLASS  shift 18
	')'  reduce 21

	Variable  goto 34
	Type  goto 35
	Formals  goto 36
	VariableList  goto 37


state 32
	Type : Type '[' ']' .  (11)

	.  reduce 11


state 33
	FunctionDef : STATIC Type IDENTIFIER '(' . Formals ')' StmtBlock  (24)
	Formals : .  (21)

	VOID  shift 14
	BOOL  shift 15
	INT  shift 16
	STRING  shift 17
	CLASS  shift 18
	')'  reduce 21

	Variable  goto 34
	Type  goto 35
	Formals  goto 38
	VariableList  goto 37


state 34
	VariableList : Variable .  (23)

	.  reduce 23


state 35
	Variable : Type . IDENTIFIER  (5)
	Type : Type . '[' ']'  (11)

	IDENTIFIER  shift 39
	'['  shift 29
	.  error


state 36
	FunctionDef : Type IDENTIFIER '(' Formals . ')' StmtBlock  (25)

	')'  shift 40
	.  error


state 37
	Formals : VariableList .  (20)
	VariableList : VariableList . ',' Variable  (22)

	','  shift 41
	')'  reduce 20


state 38
	FunctionDef : STATIC Type IDENTIFIER '(' Formals . ')' StmtBlock  (24)

	')'  shift 42
	.  error


state 39
	Variable : Type IDENTIFIER .  (5)

	.  reduce 5


state 40
	FunctionDef : Type IDENTIFIER '(' Formals ')' . StmtBlock  (25)

	'{'  shift 43
	.  error

	StmtBlock  goto 44


state 41
	VariableList : VariableList ',' . Variable  (22)

	VOID  shift 14
	BOOL  shift 15
	INT  shift 16
	STRING  shift 17
	CLASS  shift 18
	.  error

	Variable  goto 45
	Type  goto 35


state 42
	FunctionDef : STATIC Type IDENTIFIER '(' Formals ')' . StmtBlock  (24)

	'{'  shift 43
	.  error

	StmtBlock  goto 46


state 43
	StmtBlock : '{' . StmtList '}'  (26)
	StmtList : .  (28)

	.  reduce 28

	StmtList  goto 47


state 44
	FunctionDef : Type IDENTIFIER '(' Formals ')' StmtBlock .  (25)

	.  reduce 25


state 45
	VariableList : VariableList ',' Variable .  (22)

	.  reduce 22


state 46
	FunctionDef : STATIC Type IDENTIFIER '(' Formals ')' StmtBlock .  (24)

	.  reduce 24


state 47
	StmtBlock : '{' StmtList . '}'  (26)
	StmtList : StmtList . Stmt  (27)
	SimpleStmt : .  (43)
	Receiver : .  (45)

	VOID  shift 14
	BOOL  shift 15
	INT  shift 16
	STRING  shift 17
	CLASS  shift 18
	NULL  shift 48
	THIS  shift 49
	WHILE  shift 50
	FOR  shift 51
	IF  shift 52
	RETURN  shift 53
	BREAK  shift 54
	NEW  shift 55
	PRINT  shift 56
	READ_INTEGER  shift 57
	READ_LINE  shift 58
	LITERAL  shift 59
	INSTANCEOF  shift 60
	'-'  shift 61
	'!'  shift 62
	'('  shift 63
	'['  shift 64
	'{'  shift 43
	'}'  shift 65
	SCOPY  shift 66
	VAR  shift 67
	FOREACH  shift 68
	IDENTIFIER  reduce 45
	';'  reduce 43

	VariableDef  goto 69
	Variable  goto 22
	Type  goto 35
	StmtBlock  goto 70
	Stmt  goto 71
	SimpleStmt  goto 72
	IfStmt  goto 73
	GuardedStmt  goto 74
	WhileStmt  goto 75
	ForStmt  goto 76
	ForeachStmt  goto 77
	ReturnStmt  goto 78
	PrintStmt  goto 79
	BreakStmt  goto 80
	OCStmt  goto 81
	LValue  goto 82
	Expr  goto 83
	Call  goto 84
	Receiver  goto 85
	VarDef  goto 86
	Constant  goto 87


state 48
	Constant : NULL .  (86)

	.  reduce 86


state 49
	Expr : THIS .  (78)

	.  reduce 78


state 50
	WhileStmt : WHILE . '(' Expr ')' Stmt  (93)

	'('  shift 88
	.  error


state 51
	ForStmt : FOR . '(' SimpleStmt ';' Expr ';' SimpleStmt ')' Stmt  (94)

	'('  shift 89
	.  error


state 52
	IfStmt : IF . '(' Expr ')' Stmt ElseClause  (101)
	GuardedStmt : IF . '{' IfSubStmtList '}'  (102)

	'('  shift 90
	'{'  shift 91
	.  error


state 53
	ReturnStmt : RETURN . Expr  (109)
	ReturnStmt : RETURN .  (110)
	Receiver : .  (45)

	NULL  shift 48
	THIS  shift 49
	NEW  shift 55
	READ_INTEGER  shift 57
	READ_LINE  shift 58
	LITERAL  shift 59
	INSTANCEOF  shift 60
	'-'  shift 61
	'!'  shift 62
	'('  shift 63
	'['  shift 64
	VAR  shift 67
	IDENTIFIER  reduce 45
	';'  reduce 110

	LValue  goto 92
	Expr  goto 93
	Call  goto 94
	Receiver  goto 85
	VarDef  goto 86
	Constant  goto 87


state 54
	BreakStmt : BREAK .  (99)

	.  reduce 99


state 55
	Expr : NEW . IDENTIFIER '(' ')'  (79)
	Expr : NEW . Type '[' Expr ']'  (80)

	VOID  shift 14
	BOOL  shift 15
	INT  shift 16
	STRING  shift 17
	CLASS  shift 18
	IDENTIFIER  shift 95
	.  error

	Type  goto 96


state 56
	PrintStmt : PRINT . '(' ExprList ')'  (111)

	'('  shift 97
	.  error


state 57
	Expr : READ_INTEGER . '(' ')'  (76)

	'('  shift 98
	.  error


state 58
	Expr : READ_LINE . '(' ')'  (77)

	'('  shift 99
	.  error


state 59
	Constant : LITERAL .  (83)

	.  reduce 83


state 60
	Expr : INSTANCEOF . '(' Expr ',' IDENTIFIER ')'  (81)

	'('  shift 100
	.  error


state 61
	Expr : '-' . Expr  (74)
	Receiver : .  (45)

	NULL  shift 48
	THIS  shift 49
	NEW  shift 55
	READ_INTEGER  shift 57
	READ_LINE  shift 58
	LITERAL  shift 59
	INSTANCEOF  shift 60
	'-'  shift 61
	'!'  shift 62
	'('  shift 63
	'['  shift 64
	VAR  shift 67
	IDENTIFIER  reduce 45

	LValue  goto 92
	Expr  goto 101
	Call  goto 94
	Receiver  goto 85
	VarDef  goto 86
	Constant  goto 87


state 62
	Expr : '!' . Expr  (75)
	Receiver : .  (45)

	NULL  shift 48
	THIS  shift 49
	NEW  shift 55
	READ_INTEGER  shift 57
	READ_LINE  shift 58
	LITERAL  shift 59
	INSTANCEOF  shift 60
	'-'  shift 61
	'!'  shift 62
	'('  shift 63
	'['  shift 64
	VAR  shift 67
	IDENTIFIER  reduce 45

	LValue  goto 92
	Expr  goto 102
	Call  goto 94
	Receiver  goto 85
	VarDef  goto 86
	Constant  goto 87


state 63
	Expr : '(' . Expr ')'  (73)
	Expr : '(' . CLASS IDENTIFIER ')' Expr  (82)
	Receiver : .  (45)

	CLASS  shift 103
	NULL  shift 48
	THIS  shift 49
	NEW  shift 55
	READ_INTEGER  shift 57
	READ_LINE  shift 58
	LITERAL  shift 59
	INSTANCEOF  shift 60
	'-'  shift 61
	'!'  shift 62
	'('  shift 63
	'['  shift 64
	VAR  shift 67
	IDENTIFIER  reduce 45

	LValue  goto 92
	Expr  goto 104
	Call  goto 94
	Receiver  goto 85
	VarDef  goto 86
	Constant  goto 87


state 64
	Expr : '[' . Expr FOR IDENTIFIER IN Expr IF Expr ']'  (58)
	Expr : '[' . Expr FOR IDENTIFIER IN Expr ']'  (59)
	Constant : '[' . ConstantList ']'  (84)
	Constant : '[' . ']'  (85)
	Receiver : .  (45)

	NULL  shift 48
	THIS  shift 49
	NEW  shift 55
	READ_INTEGER  shift 57
	READ_LINE  shift 58
	LITERAL  shift 59
	INSTANCEOF  shift 60
	'-'  shift 61
	'!'  shift 62
	'('  shift 63
	'['  shift 64
	']'  shift 105
	VAR  shift 67
	IDENTIFIER  reduce 45

	LValue  goto 92
	Expr  goto 106
	Call  goto 94
	Receiver  goto 85
	VarDef  goto 86
	Constant  goto 107
	ConstantList  goto 108


state 65
	StmtBlock : '{' StmtList '}' .  (26)

	.  reduce 26


state 66
	OCStmt : SCOPY . '(' IDENTIFIER ',' Expr ')'  (100)

	'('  shift 109
	.  error


state 67
	VarDef : VAR . IDENTIFIER  (49)

	IDENTIFIER  shift 110
	.  error


state 68
	ForeachStmt : FOREACH . '(' BoundVar IN Expr WHILE Expr ')' Stmt  (95)
	ForeachStmt : FOREACH . '(' BoundVar IN Expr ')' Stmt  (96)

	'('  shift 111
	.  error


state 69
	Stmt : VariableDef .  (29)

	.  reduce 29


state 70
	Stmt : StmtBlock .  (40)

	.  reduce 40


state 71
	StmtList : StmtList Stmt .  (27)

	.  reduce 27


state 72
	Stmt : SimpleStmt . ';'  (30)

	';'  shift 112
	.  error


state 73
	Stmt : IfStmt .  (31)

	.  reduce 31


state 74
	Stmt : GuardedStmt .  (32)

	.  reduce 32


state 75
	Stmt : WhileStmt .  (33)

	.  reduce 33


state 76
	Stmt : ForStmt .  (34)

	.  reduce 34


state 77
	Stmt : ForeachStmt .  (35)

	.  reduce 35


state 78
	Stmt : ReturnStmt . ';'  (36)

	';'  shift 113
	.  error


state 79
	Stmt : PrintStmt . ';'  (37)

	';'  shift 114
	.  error


state 80
	Stmt : BreakStmt . ';'  (38)

	';'  shift 115
	.  error


state 81
	Stmt : OCStmt . ';'  (39)

	';'  shift 116
	.  error


state 82
	SimpleStmt : LValue . '=' Expr  (41)
	Expr : LValue .  (51)

	'='  shift 117
	AND  reduce 51
	OR  reduce 51
	LESS_EQUAL  reduce 51
	GREATER_EQUAL  reduce 51
	EQUAL  reduce 51
	NOT_EQUAL  reduce 51
	'+'  reduce 51
	'-'  reduce 51
	'*'  reduce 51
	'/'  reduce 51
	'%'  reduce 51
	'>'  reduce 51
	'<'  reduce 51
	'.'  reduce 51
	'['  reduce 51
	DOUBLEMOD  reduce 51
	DOUBLEPLUS  reduce 51


state 83
	Receiver : Expr . '.'  (44)
	LValue : Expr . '[' Expr ']'  (47)
	Expr : Expr . DOUBLEMOD Expr  (54)
	Expr : Expr . DOUBLEPLUS Expr  (55)
	Expr : Expr . '[' Expr ':' Expr ']'  (56)
	Expr : Expr . '[' Expr ']' DEFAULT Expr  (57)
	Expr : Expr . '+' Expr  (60)
	Expr : Expr . '-' Expr  (61)
	Expr : Expr . '*' Expr  (62)
	Expr : Expr . '/' Expr  (63)
	Expr : Expr . '%' Expr  (64)
	Expr : Expr . EQUAL Expr  (65)
	Expr : Expr . NOT_EQUAL Expr  (66)
	Expr : Expr . '<' Expr  (67)
	Expr : Expr . '>' Expr  (68)
	Expr : Expr . LESS_EQUAL Expr  (69)
	Expr : Expr . GREATER_EQUAL Expr  (70)
	Expr : Expr . AND Expr  (71)
	Expr : Expr . OR Expr  (72)

	AND  shift 118
	OR  shift 119
	LESS_EQUAL  shift 120
	GREATER_EQUAL  shift 121
	EQUAL  shift 122
	NOT_EQUAL  shift 123
	'+'  shift 124
	'-'  shift 125
	'*'  shift 126
	'/'  shift 127
	'%'  shift 128
	'>'  shift 129
	'<'  shift 130
	'.'  shift 131
	'['  shift 132
	DOUBLEMOD  shift 133
	DOUBLEPLUS  shift 134
	.  error


state 84
	SimpleStmt : Call .  (42)
	Expr : Call .  (52)

	AND  reduce 52
	OR  reduce 52
	LESS_EQUAL  reduce 52
	GREATER_EQUAL  reduce 52
	EQUAL  reduce 52
	NOT_EQUAL  reduce 52
	'+'  reduce 52
	'-'  reduce 52
	'*'  reduce 52
	'/'  reduce 52
	'%'  reduce 52
	'>'  reduce 52
	'<'  reduce 52
	'.'  reduce 52
	';'  reduce 42
	')'  reduce 42
	'['  reduce 52
	DOUBLEMOD  reduce 52
	DOUBLEPLUS  reduce 52


state 85
	LValue : Receiver . IDENTIFIER  (46)
	Call : Receiver . IDENTIFIER '(' Actuals ')'  (50)

	IDENTIFIER  shift 135
	.  error


state 86
	LValue : VarDef .  (48)

	.  reduce 48


state 87
	Expr : Constant .  (53)

	.  reduce 53


state 88
	WhileStmt : WHILE '(' . Expr ')' Stmt  (93)
	Receiver : .  (45)

	NULL  shift 48
	THIS  shift 49
	NEW  shift 55
	READ_INTEGER  shift 57
	READ_LINE  shift 58
	LITERAL  shift 59
	INSTANCEOF  shift 60
	'-'  shift 61
	'!'  shift 62
	'('  shift 63
	'['  shift 64
	VAR  shift 67
	IDENTIFIER  reduce 45

	LValue  goto 92
	Expr  goto 136
	Call  goto 94
	Receiver  goto 85
	VarDef  goto 86
	Constant  goto 87


state 89
	ForStmt : FOR '(' . SimpleStmt ';' Expr ';' SimpleStmt ')' Stmt  (94)
	SimpleStmt : .  (43)
	Receiver : .  (45)

	NULL  shift 48
	THIS  shift 49
	NEW  shift 55
	READ_INTEGER  shift 57
	READ_LINE  shift 58
	LITERAL  shift 59
	INSTANCEOF  shift 60
	'-'  shift 61
	'!'  shift 62
	'('  shift 63
	'['  shift 64
	VAR  shift 67
	IDENTIFIER  reduce 45
	';'  reduce 43

	SimpleStmt  goto 137
	LValue  goto 82
	Expr  goto 83
	Call  goto 84
	Receiver  goto 85
	VarDef  goto 86
	Constant  goto 87


state 90
	IfStmt : IF '(' . Expr ')' Stmt ElseClause  (101)
	Receiver : .  (45)

	NULL  shift 48
	THIS  shift 49
	NEW  shift 55
	READ_INTEGER  shift 57
	READ_LINE  shift 58
	LITERAL  shift 59
	INSTANCEOF  shift 60
	'-'  shift 61
	'!'  shift 62
	'('  shift 63
	'['  shift 64
	VAR  shift 67
	IDENTIFIER  reduce 45

	LValue  goto 92
	Expr  goto 138
	Call  goto 94
	Receiver  goto 85
	VarDef  goto 86
	Constant  goto 87


state 91
	GuardedStmt : IF '{' . IfSubStmtList '}'  (102)
	Receiver : .  (45)
	IfSubStmtList : .  (105)

	NULL  shift 48
	THIS  shift 49
	NEW  shift 55
	READ_INTEGER  shift 57
	READ_LINE  shift 58
	LITERAL  shift 59
	INSTANCEOF  shift 60
	'-'  shift 61
	'!'  shift 62
	'('  shift 63
	'['  shift 64
	VAR  shift 67
	IDENTIFIER  reduce 45
	'}'  reduce 105
	IFOR  reduce 105

	LValue  goto 92
	Expr  goto 139
	Call  goto 94
	Receiver  goto 85
	VarDef  goto 86
	Constant  goto 87
	IfSubStmtList  goto 140
	IfSubStmt  goto 141


state 92
	Expr : LValue .  (51)

	.  reduce 51


state 93
	Receiver : Expr . '.'  (44)
	LValue : Expr . '[' Expr ']'  (47)
	Expr : Expr . DOUBLEMOD Expr  (54)
	Expr : Expr . DOUBLEPLUS Expr  (55)
	Expr : Expr . '[' Expr ':' Expr ']'  (56)
	Expr : Expr . '[' Expr ']' DEFAULT Expr  (57)
	Expr : Expr . '+' Expr  (60)
	Expr : Expr . '-' Expr  (61)
	Expr : Expr . '*' Expr  (62)
	Expr : Expr . '/' Expr  (63)
	Expr : Expr . '%' Expr  (64)
	Expr : Expr . EQUAL Expr  (65)
	Expr : Expr . NOT_EQUAL Expr  (66)
	Expr : Expr . '<' Expr  (67)
	Expr : Expr . '>' Expr  (68)
	Expr : Expr . LESS_EQUAL Expr  (69)
	Expr : Expr . GREATER_EQUAL Expr  (70)
	Expr : Expr . AND Expr  (71)
	Expr : Expr . OR Expr  (72)
	ReturnStmt : RETURN Expr .  (109)

	AND  shift 118
	OR  shift 119
	LESS_EQUAL  shift 120
	GREATER_EQUAL  shift 121
	EQUAL  shift 122
	NOT_EQUAL  shift 123
	'+'  shift 124
	'-'  shift 125
	'*'  shift 126
	'/'  shift 127
	'%'  shift 128
	'>'  shift 129
	'<'  shift 130
	'.'  shift 131
	'['  shift 132
	DOUBLEMOD  shift 133
	DOUBLEPLUS  shift 134
	';'  reduce 109


state 94
	Expr : Call .  (52)

	.  reduce 52


state 95
	Expr : NEW IDENTIFIER . '(' ')'  (79)

	'('  shift 142
	.  error


state 96
	Type : Type . '[' ']'  (11)
	Expr : NEW Type . '[' Expr ']'  (80)

	'['  shift 143
	.  error


state 97
	PrintStmt : PRINT '(' . ExprList ')'  (111)
	Receiver : .  (45)

	NULL  shift 48
	THIS  shift 49
	NEW  shift 55
	READ_INTEGER  shift 57
	READ_LINE  shift 58
	LITERAL  shift 59
	INSTANCEOF  shift 60
	'-'  shift 61
	'!'  shift 62
	'('  shift 63
	'['  shift 64
	VAR  shift 67
	IDENTIFIER  reduce 45

	LValue  goto 92
	Expr  goto 144
	Call  goto 94
	Receiver  goto 85
	VarDef  goto 86
	Constant  goto 87
	ExprList  goto 145


state 98
	Expr : READ_INTEGER '(' . ')'  (76)

	')'  shift 146
	.  error


state 99
	Expr : READ_LINE '(' . ')'  (77)

	')'  shift 147
	.  error


state 100
	Expr : INSTANCEOF '(' . Expr ',' IDENTIFIER ')'  (81)
	Receiver : .  (45)

	NULL  shift 48
	THIS  shift 49
	NEW  shift 55
	READ_INTEGER  shift 57
	READ_LINE  shift 58
	LITERAL  shift 59
	INSTANCEOF  shift 60
	'-'  shift 61
	'!'  shift 62
	'('  shift 63
	'['  shift 64
	VAR  shift 67
	IDENTIFIER  reduce 45

	LValue  goto 92
	Expr  goto 148
	Call  goto 94
	Receiver  goto 85
	VarDef  goto 86
	Constant  goto 87


state 101
	Receiver : Expr . '.'  (44)
	LValue : Expr . '[' Expr ']'  (47)
	Expr : Expr . DOUBLEMOD Expr  (54)
	Expr : Expr . DOUBLEPLUS Expr  (55)
	Expr : Expr . '[' Expr ':' Expr ']'  (56)
	Expr : Expr . '[' Expr ']' DEFAULT Expr  (57)
	Expr : Expr . '+' Expr  (60)
	Expr : Expr . '-' Expr  (61)
	Expr : Expr . '*' Expr  (62)
	Expr : Expr . '/' Expr  (63)
	Expr : Expr . '%' Expr  (64)
	Expr : Expr . EQUAL Expr  (65)
	Expr : Expr . NOT_EQUAL Expr  (66)
	Expr : Expr . '<' Expr  (67)
	Expr : Expr . '>' Expr  (68)
	Expr : Expr . LESS_EQUAL Expr  (69)
	Expr : Expr . GREATER_EQUAL Expr  (70)
	Expr : Expr . AND Expr  (71)
	Expr : Expr . OR Expr  (72)
	Expr : '-' Expr .  (74)

	'.'  shift 131
	'['  shift 132
	WHILE  reduce 74
	FOR  reduce 74
	IF  reduce 74
	AND  reduce 74
	OR  reduce 74
	LESS_EQUAL  reduce 74
	GREATER_EQUAL  reduce 74
	EQUAL  reduce 74
	NOT_EQUAL  reduce 74
	'+'  reduce 74
	'-'  reduce 74
	'*'  reduce 74
	'/'  reduce 74
	'%'  reduce 74
	'>'  reduce 74
	'<'  reduce 74
	','  reduce 74
	';'  reduce 74
	')'  reduce 74
	']'  reduce 74
	DOUBLEMOD  reduce 74
	DOUBLEPLUS  reduce 74
	':'  reduce 74


state 102
	Receiver : Expr . '.'  (44)
	LValue : Expr . '[' Expr ']'  (47)
	Expr : Expr . DOUBLEMOD Expr  (54)
	Expr : Expr . DOUBLEPLUS Expr  (55)
	Expr : Expr . '[' Expr ':' Expr ']'  (56)
	Expr : Expr . '[' Expr ']' DEFAULT Expr  (57)
	Expr : Expr . '+' Expr  (60)
	Expr : Expr . '-' Expr  (61)
	Expr : Expr . '*' Expr  (62)
	Expr : Expr . '/' Expr  (63)
	Expr : Expr . '%' Expr  (64)
	Expr : Expr . EQUAL Expr  (65)
	Expr : Expr . NOT_EQUAL Expr  (66)
	Expr : Expr . '<' Expr  (67)
	Expr : Expr . '>' Expr  (68)
	Expr : Expr . LESS_EQUAL Expr  (69)
	Expr : Expr . GREATER_EQUAL Expr  (70)
	Expr : Expr . AND Expr  (71)
	Expr : Expr . OR Expr  (72)
	Expr : '!' Expr .  (75)

	'.'  shift 131
	'['  shift 132
	WHILE  reduce 75
	FOR  reduce 75
	IF  reduce 75
	AND  reduce 75
	OR  reduce 75
	LESS_EQUAL  reduce 75
	GREATER_EQUAL  reduce 75
	EQUAL  reduce 75
	NOT_EQUAL  reduce 75
	'+'  reduce 75
	'-'  reduce 75
	'*'  reduce 75
	'/'  reduce 75
	'%'  reduce 75
	'>'  reduce 75
	'<'  reduce 75
	','  reduce 75
	';'  reduce 75
	')'  reduce 75
	']'  reduce 75
	DOUBLEMOD  reduce 75
	DOUBLEPLUS  reduce 75
	':'  reduce 75


state 103
	Expr : '(' CLASS . IDENTIFIER ')' Expr  (82)

	IDENTIFIER  shift 149
	.  error


state 104
	Receiver : Expr . '.'  (44)
	LValue : Expr . '[' Expr ']'  (47)
	Expr : Expr . DOUBLEMOD Expr  (54)
	Expr : Expr . DOUBLEPLUS Expr  (55)
	Expr : Expr . '[' Expr ':' Expr ']'  (56)
	Expr : Expr . '[' Expr ']' DEFAULT Expr  (57)
	Expr : Expr . '+' Expr  (60)
	Expr : Expr . '-' Expr  (61)
	Expr : Expr . '*' Expr  (62)
	Expr : Expr . '/' Expr  (63)
	Expr : Expr . '%' Expr  (64)
	Expr : Expr . EQUAL Expr  (65)
	Expr : Expr . NOT_EQUAL Expr  (66)
	Expr : Expr . '<' Expr  (67)
	Expr : Expr . '>' Expr  (68)
	Expr : Expr . LESS_EQUAL Expr  (69)
	Expr : Expr . GREATER_EQUAL Expr  (70)
	Expr : Expr . AND Expr  (71)
	Expr : Expr . OR Expr  (72)
	Expr : '(' Expr . ')'  (73)

	AND  shift 118
	OR  shift 119
	LESS_EQUAL  shift 120
	GREATER_EQUAL  shift 121
	EQUAL  shift 122
	NOT_EQUAL  shift 123
	'+'  shift 124
	'-'  shift 125
	'*'  shift 126
	'/'  shift 127
	'%'  shift 128
	'>'  shift 129
	'<'  shift 130
	'.'  shift 131
	')'  shift 150
	'['  shift 132
	DOUBLEMOD  shift 133
	DOUBLEPLUS  shift 134
	.  error


state 105
	Constant : '[' ']' .  (85)

	.  reduce 85


state 106
	Receiver : Expr . '.'  (44)
	LValue : Expr . '[' Expr ']'  (47)
	Expr : Expr . DOUBLEMOD Expr  (54)
	Expr : Expr . DOUBLEPLUS Expr  (55)
	Expr : Expr . '[' Expr ':' Expr ']'  (56)
	Expr : Expr . '[' Expr ']' DEFAULT Expr  (57)
	Expr : '[' Expr . FOR IDENTIFIER IN Expr IF Expr ']'  (58)
	Expr : '[' Expr . FOR IDENTIFIER IN Expr ']'  (59)
	Expr : Expr . '+' Expr  (60)
	Expr : Expr . '-' Expr  (61)
	Expr : Expr . '*' Expr  (62)
	Expr : Expr . '/' Expr  (63)
	Expr : Expr . '%' Expr  (64)
	Expr : Expr . EQUAL Expr  (65)
	Expr : Expr . NOT_EQUAL Expr  (66)
	Expr : Expr . '<' Expr  (67)
	Expr : Expr . '>' Expr  (68)
	Expr : Expr . LESS_EQUAL Expr  (69)
	Expr : Expr . GREATER_EQUAL Expr  (70)
	Expr : Expr . AND Expr  (71)
	Expr : Expr . OR Expr  (72)

	FOR  shift 151
	AND  shift 118
	OR  shift 119
	LESS_EQUAL  shift 120
	GREATER_EQUAL  shift 121
	EQUAL  shift 122
	NOT_EQUAL  shift 123
	'+'  shift 124
	'-'  shift 125
	'*'  shift 126
	'/'  shift 127
	'%'  shift 128
	'>'  shift 129
	'<'  shift 130
	'.'  shift 131
	'['  shift 132
	DOUBLEMOD  shift 133
	DOUBLEPLUS  shift 134
	.  error


state 107
	Expr : Constant .  (53)
	ConstantList : Constant .  (88)

	FOR  reduce 53
	AND  reduce 53
	OR  reduce 53
	LESS_EQUAL  reduce 53
	GREATER_EQUAL  reduce 53
	EQUAL  reduce 53
	NOT_EQUAL  reduce 53
	'+'  reduce 53
	'-'  reduce 53
	'*'  reduce 53
	'/'  reduce 53
	'%'  reduce 53
	'>'  reduce 53
	'<'  reduce 53
	'.'  reduce 53
	','  reduce 88
	'['  reduce 53
	']'  reduce 88
	DOUBLEMOD  reduce 53
	DOUBLEPLUS  reduce 53


state 108
	Constant : '[' ConstantList . ']'  (84)
	ConstantList : ConstantList . ',' Constant  (87)

	','  shift 152
	']'  shift 153
	.  error


state 109
	OCStmt : SCOPY '(' . IDENTIFIER ',' Expr ')'  (100)

	IDENTIFIER  shift 154
	.  error


state 110
	VarDef : VAR IDENTIFIER .  (49)

	.  reduce 49


state 111
	ForeachStmt : FOREACH '(' . BoundVar IN Expr WHILE Expr ')' Stmt  (95)
	ForeachStmt : FOREACH '(' . BoundVar IN Expr ')' Stmt  (96)

	VOID  shift 14
	BOOL  shift 15
	INT  shift 16
	STRING  shift 17
	CLASS  shift 18
	VAR  shift 67
	.  error

	Variable  goto 155
	Type  goto 35
	VarDef  goto 156
	BoundVar  goto 157


state 112
	Stmt : SimpleStmt ';' .  (30)

	.  reduce 30


state 113
	Stmt : ReturnStmt ';' .  (36)

	.  reduce 36


state 114
	Stmt : PrintStmt ';' .  (37)

	.  reduce 37


state 115
	Stmt : BreakStmt ';' .  (38)

	.  reduce 38


state 116
	Stmt : OCStmt ';' .  (39)

	.  reduce 39


state 117
	SimpleStmt : LValue '=' . Expr  (41)
	Receiver : .  (45)

	NULL  shift 48
	THIS  shift 49
	NEW  shift 55
	READ_INTEGER  shift 57
	READ_LINE  shift 58
	LITERAL  shift 59
	INSTANCEOF  shift 60
	'-'  shift 61
	'!'  shift 62
	'('  shift 63
	'['  shift 64
	VAR  shift 67
	IDENTIFIER  reduce 45

	LValue  goto 92
	Expr  goto 158
	Call  goto 94
	Receiver  goto 85
	VarDef  goto 86
	Constant  goto 87


state 118
	Expr : Expr AND . Expr  (71)
	Receiver : .  (45)

	NULL  shift 48
	THIS  shift 49
	NEW  shift 55
	READ_INTEGER  shift 57
	READ_LINE  shift 58
	LITERAL  shift 59
	INSTANCEOF  shift 60
	'-'  shift 61
	'!'  shift 62
	'('  shift 63
	'['  shift 64
	VAR  shift 67
	IDENTIFIER  reduce 45

	LValue  goto 92
	Expr  goto 159
	Call  goto 94
	Receiver  goto 85
	VarDef  goto 86
	Constant  goto 87


state 119
	Expr : Expr OR . Expr  (72)
	Receiver : .  (45)

	NULL  shift 48
	THIS  shift 49
	NEW  shift 55
	READ_INTEGER  shift 57
	READ_LINE  shift 58
	LITERAL  shift 59
	INSTANCEOF  shift 60
	'-'  shift 61
	'!'  shift 62
	'('  shift 63
	'['  shift 64
	VAR  shift 67
	IDENTIFIER  reduce 45

	LValue  goto 92
	Expr  goto 160
	Call  goto 94
	Receiver  goto 85
	VarDef  goto 86
	Constant  goto 87


state 120
	Expr : Expr LESS_EQUAL . Expr  (69)
	Receiver : .  (45)

	NULL  shift 48
	THIS  shift 49
	NEW  shift 55
	READ_INTEGER  shift 57
	READ_LINE  shift 58
	LITERAL  shift 59
	INSTANCEOF  shift 60
	'-'  shift 61
	'!'  shift 62
	'('  shift 63
	'['  shift 64
	VAR  shift 67
	IDENTIFIER  reduce 45

	LValue  goto 92
	Expr  goto 161
	Call  goto 94
	Receiver  goto 85
	VarDef  goto 86
	Constant  goto 87


state 121
	Expr : Expr GREATER_EQUAL . Expr  (70)
	Receiver : .  (45)

	NULL  shift 48
	THIS  shift 49
	NEW  shift 55
	READ_INTEGER  shift 57
	READ_LINE  shift 58
	LITERAL  shift 59
	INSTANCEOF  shift 60
	'-'  shift 61
	'!'  shift 62
	'('  shift 63
	'['  shift 64
	VAR  shift 67
	IDENTIFIER  reduce 45

	LValue  goto 92
	Expr  goto 162
	Call  goto 94
	Receiver  goto 85
	VarDef  goto 86
	Constant  goto 87


state 122
	Expr : Expr EQUAL . Expr  (65)
	Receiver : .  (45)

	NULL  shift 48
	THIS  shift 49
	NEW  shift 55
	READ_INTEGER  shift 57
	READ_LINE  shift 58
	LITERAL  shift 59
	INSTANCEOF  shift 60
	'-'  shift 61
	'!'  shift 62
	'('  shift 63
	'['  shift 64
	VAR  shift 67
	IDENTIFIER  reduce 45

	LValue  goto 92
	Expr  goto 163
	Call  goto 94
	Receiver  goto 85
	VarDef  goto 86
	Constant  goto 87


state 123
	Expr : Expr NOT_EQUAL . Expr  (66)
	Receiver : .  (45)

	NULL  shift 48
	THIS  shift 49
	NEW  shift 55
	READ_INTEGER  shift 57
	READ_LINE  shift 58
	LITERAL  shift 59
	INSTANCEOF  shift 60
	'-'  shift 61
	'!'  shift 62
	'('  shift 63
	'['  shift 64
	VAR  shift 67
	IDENTIFIER  reduce 45

	LValue  goto 92
	Expr  goto 164
	Call  goto 94
	Receiver  goto 85
	VarDef  goto 86
	Constant  goto 87


state 124
	Expr : Expr '+' . Expr  (60)
	Receiver : .  (45)

	NULL  shift 48
	THIS  shift 49
	NEW  shift 55
	READ_INTEGER  shift 57
	READ_LINE  shift 58
	LITERAL  shift 59
	INSTANCEOF  shift 60
	'-'  shift 61
	'!'  shift 62
	'('  shift 63
	'['  shift 64
	VAR  shift 67
	IDENTIFIER  reduce 45

	LValue  goto 92
	Expr  goto 165
	Call  goto 94
	Receiver  goto 85
	VarDef  goto 86
	Constant  goto 87


state 125
	Expr : Expr '-' . Expr  (61)
	Receiver : .  (45)

	NULL  shift 48
	THIS  shift 49
	NEW  shift 55
	READ_INTEGER  shift 57
	READ_LINE  shift 58
	LITERAL  shift 59
	INSTANCEOF  shift 60
	'-'  shift 61
	'!'  shift 62
	'('  shift 63
	'['  shift 64
	VAR  shift 67
	IDENTIFIER  reduce 45

	LValue  goto 92
	Expr  goto 166
	Call  goto 94
	Receiver  goto 85
	VarDef  goto 86
	Constant  goto 87


state 126
	Expr : Expr '*' . Expr  (62)
	Receiver : .  (45)

	NULL  shift 48
	THIS  shift 49
	NEW  shift 55
	READ_INTEGER  shift 57
	READ_LINE  shift 58
	LITERAL  shift 59
	INSTANCEOF  shift 60
	'-'  shift 61
	'!'  shift 62
	'('  shift 63
	'['  shift 64
	VAR  shift 67
	IDENTIFIER  reduce 45

	LValue  goto 92
	Expr  goto 167
	Call  goto 94
	Receiver  goto 85
	VarDef  goto 86
	Constant  goto 87


state 127
	Expr : Expr '/' . Expr  (63)
	Receiver : .  (45)

	NULL  shift 48
	THIS  shift 49
	NEW  shift 55
	READ_INTEGER  shift 57
	READ_LINE  shift 58
	LITERAL  shift 59
	INSTANCEOF  shift 60
	'-'  shift 61
	'!'  shift 62
	'('  shift 63
	'['  shift 64
	VAR  shift 67
	IDENTIFIER  reduce 45

	LValue  goto 92
	Expr  goto 168
	Call  goto 94
	Receiver  goto 85
	VarDef  goto 86
	Constant  goto 87


state 128
	Expr : Expr '%' . Expr  (64)
	Receiver : .  (45)

	NULL  shift 48
	THIS  shift 49
	NEW  shift 55
	READ_INTEGER  shift 57
	READ_LINE  shift 58
	LITERAL  shift 59
	INSTANCEOF  shift 60
	'-'  shift 61
	'!'  shift 62
	'('  shift 63
	'['  shift 64
	VAR  shift 67
	IDENTIFIER  reduce 45

	LValue  goto 92
	Expr  goto 169
	Call  goto 94
	Receiver  goto 85
	VarDef  goto 86
	Constant  goto 87


state 129
	Expr : Expr '>' . Expr  (68)
	Receiver : .  (45)

	NULL  shift 48
	THIS  shift 49
	NEW  shift 55
	READ_INTEGER  shift 57
	READ_LINE  shift 58
	LITERAL  shift 59
	INSTANCEOF  shift 60
	'-'  shift 61
	'!'  shift 62
	'('  shift 63
	'['  shift 64
	VAR  shift 67
	IDENTIFIER  reduce 45

	LValue  goto 92
	Expr  goto 170
	Call  goto 94
	Receiver  goto 85
	VarDef  goto 86
	Constant  goto 87


state 130
	Expr : Expr '<' . Expr  (67)
	Receiver : .  (45)

	NULL  shift 48
	THIS  shift 49
	NEW  shift 55
	READ_INTEGER  shift 57
	READ_LINE  shift 58
	LITERAL  shift 59
	INSTANCEOF  shift 60
	'-'  shift 61
	'!'  shift 62
	'('  shift 63
	'['  shift 64
	VAR  shift 67
	IDENTIFIER  reduce 45

	LValue  goto 92
	Expr  goto 171
	Call  goto 94
	Receiver  goto 85
	VarDef  goto 86
	Constant  goto 87


state 131
	Receiver : Expr '.' .  (44)

	.  reduce 44


state 132
	LValue : Expr '[' . Expr ']'  (47)
	Expr : Expr '[' . Expr ':' Expr ']'  (56)
	Expr : Expr '[' . Expr ']' DEFAULT Expr  (57)
	Receiver : .  (45)

	NULL  shift 48
	THIS  shift 49
	NEW  shift 55
	READ_INTEGER  shift 57
	READ_LINE  shift 58
	LITERAL  shift 59
	INSTANCEOF  shift 60
	'-'  shift 61
	'!'  shift 62
	'('  shift 63
	'['  shift 64
	VAR  shift 67
	IDENTIFIER  reduce 45

	LValue  goto 92
	Expr  goto 172
	Call  goto 94
	Receiver  goto 85
	VarDef  goto 86
	Constant  goto 87


state 133
	Expr : Expr DOUBLEMOD . Expr  (54)
	Receiver : .  (45)

	NULL  shift 48
	THIS  shift 49
	NEW  shift 55
	READ_INTEGER  shift 57
	READ_LINE  shift 58
	LITERAL  shift 59
	INSTANCEOF  shift 60
	'-'  shift 61
	'!'  shift 62
	'('  shift 63
	'['  shift 64
	VAR  shift 67
	IDENTIFIER  reduce 45

	LValue  goto 92
	Expr  goto 173
	Call  goto 94
	Receiver  goto 85
	VarDef  goto 86
	Constant  goto 87


state 134
	Expr : Expr DOUBLEPLUS . Expr  (55)
	Receiver : .  (45)

	NULL  shift 48
	THIS  shift 49
	NEW  shift 55
	READ_INTEGER  shift 57
	READ_LINE  shift 58
	LITERAL  shift 59
	INSTANCEOF  shift 60
	'-'  shift 61
	'!'  shift 62
	'('  shift 63
	'['  shift 64
	VAR  shift 67
	IDENTIFIER  reduce 45

	LValue  goto 92
	Expr  goto 174
	Call  goto 94
	Receiver  goto 85
	VarDef  goto 86
	Constant  goto 87


state 135
	LValue : Receiver IDENTIFIER .  (46)
	Call : Receiver IDENTIFIER . '(' Actuals ')'  (50)

	'('  shift 175
	WHILE  reduce 46
	FOR  reduce 46
	IF  reduce 46
	AND  reduce 46
	OR  reduce 46
	LESS_EQUAL  reduce 46
	GREATER_EQUAL  reduce 46
	EQUAL  reduce 46
	NOT_EQUAL  reduce 46
	'+'  reduce 46
	'-'  reduce 46
	'*'  reduce 46
	'/'  reduce 46
	'%'  reduce 46
	'='  reduce 46
	'>'  reduce 46
	'<'  reduce 46
	'.'  reduce 46
	','  reduce 46
	';'  reduce 46
	')'  reduce 46
	'['  reduce 46
	']'  reduce 46
	DOUBLEMOD  reduce 46
	DOUBLEPLUS  reduce 46
	':'  reduce 46


state 136
	Receiver : Expr . '.'  (44)
	LValue : Expr . '[' Expr ']'  (47)
	Expr : Expr . DOUBLEMOD Expr  (54)
	Expr : Expr . DOUBLEPLUS Expr  (55)
	Expr : Expr . '[' Expr ':' Expr ']'  (56)
	Expr : Expr . '[' Expr ']' DEFAULT Expr  (57)
	Expr : Expr . '+' Expr  (60)
	Expr : Expr . '-' Expr  (61)
	Expr : Expr . '*' Expr  (62)
	Expr : Expr . '/' Expr  (63)
	Expr : Expr . '%' Expr  (64)
	Expr : Expr . EQUAL Expr  (65)
	Expr : Expr . NOT_EQUAL Expr  (66)
	Expr : Expr . '<' Expr  (67)
	Expr : Expr . '>' Expr  (68)
	Expr : Expr . LESS_EQUAL Expr  (69)
	Expr : Expr . GREATER_EQUAL Expr  (70)
	Expr : Expr . AND Expr  (71)
	Expr : Expr . OR Expr  (72)
	WhileStmt : WHILE '(' Expr . ')' Stmt  (93)

	AND  shift 118
	OR  shift 119
	LESS_EQUAL  shift 120
	GREATER_EQUAL  shift 121
	EQUAL  shift 122
	NOT_EQUAL  shift 123
	'+'  shift 124
	'-'  shift 125
	'*'  shift 126
	'/'  shift 127
	'%'  shift 128
	'>'  shift 129
	'<'  shift 130
	'.'  shift 131
	')'  shift 176
	'['  shift 132
	DOUBLEMOD  shift 133
	DOUBLEPLUS  shift 134
	.  error


state 137
	ForStmt : FOR '(' SimpleStmt . ';' Expr ';' SimpleStmt ')' Stmt  (94)

	';'  shift 177
	.  error


state 138
	Receiver : Expr . '.'  (44)
	LValue : Expr . '[' Expr ']'  (47)
	Expr : Expr . DOUBLEMOD Expr  (54)
	Expr : Expr . DOUBLEPLUS Expr  (55)
	Expr : Expr . '[' Expr ':' Expr ']'  (56)
	Expr : Expr . '[' Expr ']' DEFAULT Expr  (57)
	Expr : Expr . '+' Expr  (60)
	Expr : Expr . '-' Expr  (61)
	Expr : Expr . '*' Expr  (62)
	Expr : Expr . '/' Expr  (63)
	Expr : Expr . '%' Expr  (64)
	Expr : Expr . EQUAL Expr  (65)
	Expr : Expr . NOT_EQUAL Expr  (66)
	Expr : Expr . '<' Expr  (67)
	Expr : Expr . '>' Expr  (68)
	Expr : Expr . LESS_EQUAL Expr  (69)
	Expr : Expr . GREATER_EQUAL Expr  (70)
	Expr : Expr . AND Expr  (71)
	Expr : Expr . OR Expr  (72)
	IfStmt : IF '(' Expr . ')' Stmt ElseClause  (101)

	AND  shift 118
	OR  shift 119
	LESS_EQUAL  shift 120
	GREATER_EQUAL  shift 121
	EQUAL  shift 122
	NOT_EQUAL  shift 123
	'+'  shift 124
	'-'  shift 125
	'*'  shift 126
	'/'  shift 127
	'%'  shift 128
	'>'  shift 129
	'<'  shift 130
	'.'  shift 131
	')'  shift 178
	'['  shift 132
	DOUBLEMOD  shift 133
	DOUBLEPLUS  shift 134
	.  error


state 139
	Receiver : Expr . '.'  (44)
	LValue : Expr . '[' Expr ']'  (47)
	Expr : Expr . DOUBLEMOD Expr  (54)
	Expr : Expr . DOUBLEPLUS Expr  (55)
	Expr : Expr . '[' Expr ':' Expr ']'  (56)
	Expr : Expr . '[' Expr ']' DEFAULT Expr  (57)
	Expr : Expr . '+' Expr  (60)
	Expr : Expr . '-' Expr  (61)
	Expr : Expr . '*' Expr  (62)
	Expr : Expr . '/' Expr  (63)
	Expr : Expr . '%' Expr  (64)
	Expr : Expr . EQUAL Expr  (65)
	Expr : Expr . NOT_EQUAL Expr  (66)
	Expr : Expr . '<' Expr  (67)
	Expr : Expr . '>' Expr  (68)
	Expr : Expr . LESS_EQUAL Expr  (69)
	Expr : Expr . GREATER_EQUAL Expr  (70)
	Expr : Expr . AND Expr  (71)
	Expr : Expr . OR Expr  (72)
	IfSubStmt : Expr . ':' Stmt  (106)

	AND  shift 118
	OR  shift 119
	LESS_EQUAL  shift 120
	GREATER_EQUAL  shift 121
	EQUAL  shift 122
	NOT_EQUAL  shift 123
	'+'  shift 124
	'-'  shift 125
	'*'  shift 126
	'/'  shift 127
	'%'  shift 128
	'>'  shift 129
	'<'  shift 130
	'.'  shift 131
	'['  shift 132
	DOUBLEMOD  shift 133
	DOUBLEPLUS  shift 134
	':'  shift 179
	.  error


state 140
	GuardedStmt : IF '{' IfSubStmtList . '}'  (102)
	IfSubStmtList : IfSubStmtList . IFOR IfSubStmt  (103)

	'}'  shift 180
	IFOR  shift 181
	.  error


state 141
	IfSubStmtList : IfSubStmt .  (104)

	.  reduce 104


state 142
	Expr : NEW IDENTIFIER '(' . ')'  (79)

	')'  shift 182
	.  error


state 143
	Type : Type '[' . ']'  (11)
	Expr : NEW Type '[' . Expr ']'  (80)
	Receiver : .  (45)

	NULL  shift 48
	THIS  shift 49
	NEW  shift 55
	READ_INTEGER  shift 57
	READ_LINE  shift 58
	LITERAL  shift 59
	INSTANCEOF  shift 60
	'-'  shift 61
	'!'  shift 62
	'('  shift 63
	'['  shift 64
	']'  shift 32
	VAR  shift 67
	IDENTIFIER  reduce 45

	LValue  goto 92
	Expr  goto 183
	Call  goto 94
	Receiver  goto 85
	VarDef  goto 86
	Constant  goto 87


state 144
	Receiver : Expr . '.'  (44)
	LValue : Expr . '[' Expr ']'  (47)
	Expr : Expr . DOUBLEMOD Expr  (54)
	Expr : Expr . DOUBLEPLUS Expr  (55)
	Expr : Expr . '[' Expr ':' Expr ']'  (56)
	Expr : Expr . '[' Expr ']' DEFAULT Expr  (57)
	Expr : Expr . '+' Expr  (60)
	Expr : Expr . '-' Expr  (61)
	Expr : Expr . '*' Expr  (62)
	Expr : Expr . '/' Expr  (63)
	Expr : Expr . '%' Expr  (64)
	Expr : Expr . EQUAL Expr  (65)
	Expr : Expr . NOT_EQUAL Expr  (66)
	Expr : Expr . '<' Expr  (67)
	Expr : Expr . '>' Expr  (68)
	Expr : Expr . LESS_EQUAL Expr  (69)
	Expr : Expr . GREATER_EQUAL Expr  (70)
	Expr : Expr . AND Expr  (71)
	Expr : Expr . OR Expr  (72)
	ExprList : Expr .  (92)

	AND  shift 118
	OR  shift 119
	LESS_EQUAL  shift 120
	GREATER_EQUAL  shift 121
	EQUAL  shift 122
	NOT_EQUAL  shift 123
	'+'  shift 124
	'-'  shift 125
	'*'  shift 126
	'/'  shift 127
	'%'  shift 128
	'>'  shift 129
	'<'  shift 130
	'.'  shift 131
	'['  shift 132
	DOUBLEMOD  shift 133
	DOUBLEPLUS  shift 134
	','  reduce 92
	')'  reduce 92


state 145
	ExprList : ExprList . ',' Expr  (91)
	PrintStmt : PRINT '(' ExprList . ')'  (111)

	','  shift 184
	')'  shift 185
	.  error


state 146
	Expr : READ_INTEGER '(' ')' .  (76)

	.  reduce 76


state 147
	Expr : READ_LINE '(' ')' .  (77)

	.  reduce 77


state 148
	Receiver : Expr . '.'  (44)
	LValue : Expr . '[' Expr ']'  (47)
	Expr : Expr . DOUBLEMOD Expr  (54)
	Expr : Expr . DOUBLEPLUS Expr  (55)
	Expr : Expr . '[' Expr ':' Expr ']'  (56)
	Expr : Expr . '[' Expr ']' DEFAULT Expr  (57)
	Expr : Expr . '+' Expr  (60)
	Expr : Expr . '-' Expr  (61)
	Expr : Expr . '*' Expr  (62)
	Expr : Expr . '/' Expr  (63)
	Expr : Expr . '%' Expr  (64)
	Expr : Expr . EQUAL Expr  (65)
	Expr : Expr . NOT_EQUAL Expr  (66)
	Expr : Expr . '<' Expr  (67)
	Expr : Expr . '>' Expr  (68)
	Expr : Expr . LESS_EQUAL Expr  (69)
	Expr : Expr . GREATER_EQUAL Expr  (70)
	Expr : Expr . AND Expr  (71)
	Expr : Expr . OR Expr  (72)
	Expr : INSTANCEOF '(' Expr . ',' IDENTIFIER ')'  (81)

	AND  shift 118
	OR  shift 119
	LESS_EQUAL  shift 120
	GREATER_EQUAL  shift 121
	EQUAL  shift 122
	NOT_EQUAL  shift 123
	'+'  shift 124
	'-'  shift 125
	'*'  shift 126
	'/'  shift 127
	'%'  shift 128
	'>'  shift 129
	'<'  shift 130
	'.'  shift 131
	','  shift 186
	'['  shift 132
	DOUBLEMOD  shift 133
	DOUBLEPLUS  shift 134
	.  error


state 149
	Expr : '(' CLASS IDENTIFIER . ')' Expr  (82)

	')'  shift 187
	.  error


state 150
	Expr : '(' Expr ')' .  (73)

	.  reduce 73


state 151
	Expr : '[' Expr FOR . IDENTIFIER IN Expr IF Expr ']'  (58)
	Expr : '[' Expr FOR . IDENTIFIER IN Expr ']'  (59)

	IDENTIFIER  shift 188
	.  error


state 152
	ConstantList : ConstantList ',' . Constant  (87)

	NULL  shift 48
	LITERAL  shift 59
	'['  shift 189
	.  error

	Constant  goto 190


state 153
	Constant : '[' ConstantList ']' .  (84)

	.  reduce 84


state 154
	OCStmt : SCOPY '(' IDENTIFIER . ',' Expr ')'  (100)

	','  shift 191
	.  error


state 155
	BoundVar : Variable .  (97)

	.  reduce 97


state 156
	BoundVar : VarDef .  (98)

	.  reduce 98


state 157
	ForeachStmt : FOREACH '(' BoundVar . IN Expr WHILE Expr ')' Stmt  (95)
	ForeachStmt : FOREACH '(' BoundVar . IN Expr ')' Stmt  (96)

	IN  shift 192
	.  error


state 158
	SimpleStmt : LValue '=' Expr .  (41)
	Receiver : Expr . '.'  (44)
	LValue : Expr . '[' Expr ']'  (47)
	Expr : Expr . DOUBLEMOD Expr  (54)
	Expr : Expr . DOUBLEPLUS Expr  (55)
	Expr : Expr . '[' Expr ':' Expr ']'  (56)
	Expr : Expr . '[' Expr ']' DEFAULT Expr  (57)
	Expr : Expr . '+' Expr  (60)
	Expr : Expr . '-' Expr  (61)
	Expr : Expr . '*' Expr  (62)
	Expr : Expr . '/' Expr  (63)
	Expr : Expr . '%' Expr  (64)
	Expr : Expr . EQUAL Expr  (65)
	Expr : Expr . NOT_EQUAL Expr  (66)
	Expr : Expr . '<' Expr  (67)
	Expr : Expr . '>' Expr  (68)
	Expr : Expr . LESS_EQUAL Expr  (69)
	Expr : Expr . GREATER_EQUAL Expr  (70)
	Expr : Expr . AND Expr  (71)
	Expr : Expr . OR Expr  (72)

	AND  shift 118
	OR  shift 119
	LESS_EQUAL  shift 120
	GREATER_EQUAL  shift 121
	EQUAL  shift 122
	NOT_EQUAL  shift 123
	'+'  shift 124
	'-'  shift 125
	'*'  shift 126
	'/'  shift 127
	'%'  shift 128
	'>'  shift 129
	'<'  shift 130
	'.'  shift 131
	'['  shift 132
	DOUBLEMOD  shift 133
	DOUBLEPLUS  shift 134
	';'  reduce 41
	')'  reduce 41


state 159
	Receiver : Expr . '.'  (44)
	LValue : Expr . '[' Expr ']'  (47)
	Expr : Expr . DOUBLEMOD Expr  (54)
	Expr : Expr . DOUBLEPLUS Expr  (55)
	Expr : Expr . '[' Expr ':' Expr ']'  (56)
	Expr : Expr . '[' Expr ']' DEFAULT Expr  (57)
	Expr : Expr . '+' Expr  (60)
	Expr : Expr . '-' Expr  (61)
	Expr : Expr . '*' Expr  (62)
	Expr : Expr . '/' Expr  (63)
	Expr : Expr . '%' Expr  (64)
	Expr : Expr . EQUAL Expr  (65)
	Expr : Expr . NOT_EQUAL Expr  (66)
	Expr : Expr . '<' Expr  (67)
	Expr : Expr . '>' Expr  (68)
	Expr : Expr . LESS_EQUAL Expr  (69)
	Expr : Expr . GREATER_EQUAL Expr  (70)
	Expr : Expr . AND Expr  (71)
	Expr : Expr AND Expr .  (71)
	Expr : Expr . OR Expr  (72)

	LESS_EQUAL  shift 120
	GREATER_EQUAL  shift 121
	EQUAL  shift 122
	NOT_EQUAL  shift 123
	'+'  shift 124
	'-'  shift 125
	'*'  shift 126
	'/'  shift 127
	'%'  shift 128
	'>'  shift 129
	'<'  shift 130
	'.'  shift 131
	'['  shift 132
	DOUBLEMOD  shift 133
	DOUBLEPLUS  shift 134
	WHILE  reduce 71
	FOR  reduce 71
	IF  reduce 71
	AND  reduce 71
	OR  reduce 71
	','  reduce 71
	';'  reduce 71
	')'  reduce 71
	']'  reduce 71
	':'  reduce 71


state 160
	Receiver : Expr . '.'  (44)
	LValue : Expr . '[' Expr ']'  (47)
	Expr : Expr . DOUBLEMOD Expr  (54)
	Expr : Expr . DOUBLEPLUS Expr  (55)
	Expr : Expr . '[' Expr ':' Expr ']'  (56)
	Expr : Expr . '[' Expr ']' DEFAULT Expr  (57)
	Expr : Expr . '+' Expr  (60)
	Expr : Expr . '-' Expr  (61)
	Expr : Expr . '*' Expr  (62)
	Expr : Expr . '/' Expr  (63)
	Expr : Expr . '%' Expr  (64)
	Expr : Expr . EQUAL Expr  (65)
	Expr : Expr . NOT_EQUAL Expr  (66)
	Expr : Expr . '<' Expr  (67)
	Expr : Expr . '>' Expr  (68)
	Expr : Expr . LESS_EQUAL Expr  (69)
	Expr : Expr . GREATER_EQUAL Expr  (70)
	Expr : Expr . AND Expr  (71)
	Expr : Expr . OR Expr  (72)
	Expr : Expr OR Expr .  (72)

	AND  shift 118
	LESS_EQUAL  shift 120
	GREATER_EQUAL  shift 121
	EQUAL  shift 122
	NOT_EQUAL  shift 123
	'+'  shift 124
	'-'  shift 125
	'*'  shift 126
	'/'  shift 127
	'%'  shift 128
	'>'  shift 129
	'<'  shift 130
	'.'  shift 131
	'['  shift 132
	DOUBLEMOD  shift 133
	DOUBLEPLUS  shift 134
	WHILE  reduce 72
	FOR  reduce 72
	IF  reduce 72
	OR  reduce 72
	','  reduce 72
	';'  reduce 72
	')'  reduce 72
	']'  reduce 72
	':'  reduce 72


state 161
	Receiver : Expr . '.'  (44)
	LValue : Expr . '[' Expr ']'  (47)
	Expr : Expr . DOUBLEMOD Expr  (54)
	Expr : Expr . DOUBLEPLUS Expr  (55)
	Expr : Expr . '[' Expr ':' Expr ']'  (56)
	Expr : Expr . '[' Expr ']' DEFAULT Expr  (57)
	Expr : Expr . '+' Expr  (60)
	Expr : Expr . '-' Expr  (61)
	Expr : Expr . '*' Expr  (62)
	Expr : Expr . '/' Expr  (63)
	Expr : Expr . '%' Expr  (64)
	Expr : Expr . EQUAL Expr  (65)
	Expr : Expr . NOT_EQUAL Expr  (66)
	Expr : Expr . '<' Expr  (67)
	Expr : Expr . '>' Expr  (68)
	Expr : Expr . LESS_EQUAL Expr  (69)
	Expr : Expr LESS_EQUAL Expr .  (69)
	Expr : Expr . GREATER_EQUAL Expr  (70)
	Expr : Expr . AND Expr  (71)
	Expr : Expr . OR Expr  (72)

	'+'  shift 124
	'-'  shift 125
	'*'  shift 126
	'/'  shift 127
	'%'  shift 128
	'.'  shift 131
	'['  shift 132
	DOUBLEMOD  shift 133
	DOUBLEPLUS  shift 134
	WHILE  reduce 69
	FOR  reduce 69
	IF  reduce 69
	AND  reduce 69
	OR  reduce 69
	EQUAL  reduce 69
	NOT_EQUAL  reduce 69
	','  reduce 69
	';'  reduce 69
	')'  reduce 69
	']'  reduce 69
	':'  reduce 69


state 162
	Receiver : Expr . '.'  (44)
	LValue : Expr . '[' Expr ']'  (47)
	Expr : Expr . DOUBLEMOD Expr  (54)
	Expr : Expr . DOUBLEPLUS Expr  (55)
	Expr : Expr . '[' Expr ':' Expr ']'  (56)
	Expr : Expr . '[' Expr ']' DEFAULT Expr  (57)
	Expr : Expr . '+' Expr  (60)
	Expr : Expr . '-' Expr  (61)
	Expr : Expr . '*' Expr  (62)
	Expr : Expr . '/' Expr  (63)
	Expr : Expr . '%' Expr  (64)
	Expr : Expr . EQUAL Expr  (65)
	Expr : Expr . NOT_EQUAL Expr  (66)
	Expr : Expr . '<' Expr  (67)
	Expr : Expr . '>' Expr  (68)
	Expr : Expr . LESS_EQUAL Expr  (69)
	Expr : Expr . GREATER_EQUAL Expr  (70)
	Expr : Expr GREATER_EQUAL Expr .  (70)
	Expr : Expr . AND Expr  (71)
	Expr : Expr . OR Expr  (72)

	'+'  shift 124
	'-'  shift 125
	'*'  shift 126
	'/'  shift 127
	'%'  shift 128
	'.'  shift 131
	'['  shift 132
	DOUBLEMOD  shift 133
	DOUBLEPLUS  shift 134
	WHILE  reduce 70
	FOR  reduce 70
	IF  reduce 70
	AND  reduce 70
	OR  reduce 70
	EQUAL  reduce 70
	NOT_EQUAL  reduce 70
	','  reduce 70
	';'  reduce 70
	')'  reduce 70
	']'  reduce 70
	':'  reduce 70


state 163
	Receiver : Expr . '.'  (44)
	LValue : Expr . '[' Expr ']'  (47)
	Expr : Expr . DOUBLEMOD Expr  (54)
	Expr : Expr . DOUBLEPLUS Expr  (55)
	Expr : Expr . '[' Expr ':' Expr ']'  (56)
	Expr : Expr . '[' Expr ']' DEFAULT Expr  (57)
	Expr : Expr . '+' Expr  (60)
	Expr : Expr . '-' Expr  (61)
	Expr : Expr . '*' Expr  (62)
	Expr : Expr . '/' Expr  (63)
	Expr : Expr . '%' Expr  (64)
	Expr : Expr . EQUAL Expr  (65)
	Expr : Expr EQUAL Expr .  (65)
	Expr : Expr . NOT_EQUAL Expr  (66)
	Expr : Expr . '<' Expr  (67)
	Expr : Expr . '>' Expr  (68)
	Expr : Expr . LESS_EQUAL Expr  (69)
	Expr : Expr . GREATER_EQUAL Expr  (70)
	Expr : Expr . AND Expr  (71)
	Expr : Expr . OR Expr  (72)

	LESS_EQUAL  shift 120
	GREATER_EQUAL  shift 121
	'+'  shift 124
	'-'  shift 125
	'*'  shift 126
	'/'  shift 127
	'%'  shift 128
	'>'  shift 129
	'<'  shift 130
	'.'  shift 131
	'['  shift 132
	DOUBLEMOD  shift 133
	DOUBLEPLUS  shift 134
	WHILE  reduce 65
	FOR  reduce 65
	IF  reduce 65
	AND  reduce 65
	OR  reduce 65
	','  reduce 65
	';'  reduce 65
	')'  reduce 65
	']'  reduce 65
	':'  reduce 65


state 164
	Receiver : Expr . '.'  (44)
	LValue : Expr . '[' Expr ']'  (47)
	Expr : Expr . DOUBLEMOD Expr  (54)
	Expr : Expr . DOUBLEPLUS Expr  (55)
	Expr : Expr . '[' Expr ':' Expr ']'  (56)
	Expr : Expr . '[' Expr ']' DEFAULT Expr  (57)
	Expr : Expr . '+' Expr  (60)
	Expr : Expr . '-' Expr  (61)
	Expr : Expr . '*' Expr  (62)
	Expr : Expr . '/' Expr  (63)
	Expr : Expr . '%' Expr  (64)
	Expr : Expr . EQUAL Expr  (65)
	Expr : Expr . NOT_EQUAL Expr  (66)
	Expr : Expr NOT_EQUAL Expr .  (66)
	Expr : Expr . '<' Expr  (67)
	Expr : Expr . '>' Expr  (68)
	Expr : Expr . LESS_EQUAL Expr  (69)
	Expr : Expr . GREATER_EQUAL Expr  (70)
	Expr : Expr . AND Expr  (71)
	Expr : Expr . OR Expr  (72)

	LESS_EQUAL  shift 120
	GREATER_EQUAL  shift 121
	'+'  shift 124
	'-'  shift 125
	'*'  shift 126
	'/'  shift 127
	'%'  shift 128
	'>'  shift 129
	'<'  shift 130
	'.'  shift 131
	'['  shift 132
	DOUBLEMOD  shift 133
	DOUBLEPLUS  shift 134
	WHILE  reduce 66
	FOR  reduce 66
	IF  reduce 66
	AND  reduce 66
	OR  reduce 66
	','  reduce 66
	';'  reduce 66
	')'  reduce 66
	']'  reduce 66
	':'  reduce 66


state 165
	Receiver : Expr . '.'  (44)
	LValue : Expr . '[' Expr ']'  (47)
	Expr : Expr . DOUBLEMOD Expr  (54)
	Expr : Expr . DOUBLEPLUS Expr  (55)
	Expr : Expr . '[' Expr ':' Expr ']'  (56)
	Expr : Expr . '[' Expr ']' DEFAULT Expr  (57)
	Expr : Expr . '+' Expr  (60)
	Expr : Expr '+' Expr .  (60)
	Expr : Expr . '-' Expr  (61)
	Expr : Expr . '*' Expr  (62)
	Expr : Expr . '/' Expr  (63)
	Expr : Expr . '%' Expr  (64)
	Expr : Expr . EQUAL Expr  (65)
	Expr : Expr . NOT_EQUAL Expr  (66)
	Expr : Expr . '<' Expr  (67)
	Expr : Expr . '>' Expr  (68)
	Expr : Expr . LESS_EQUAL Expr  (69)
	Expr : Expr . GREATER_EQUAL Expr  (70)
	Expr : Expr . AND Expr  (71)
	Expr : Expr . OR Expr  (72)

	'*'  shift 126
	'/'  shift 127
	'%'  shift 128
	'.'  shift 131
	'['  shift 132
	WHILE  reduce 60
	FOR  reduce 60
	IF  reduce 60
	AND  reduce 60
	OR  reduce 60
	LESS_EQUAL  reduce 60
	GREATER_EQUAL  reduce 60
	EQUAL  reduce 60
	NOT_EQUAL  reduce 60
	'+'  reduce 60
	'-'  reduce 60
	'>'  reduce 60
	'<'  reduce 60
	','  reduce 60
	';'  reduce 60
	')'  reduce 60
	']'  reduce 60
	DOUBLEMOD  reduce 60
	DOUBLEPLUS  reduce 60
	':'  reduce 60


state 166
	Receiver : Expr . '.'  (44)
	LValue : Expr . '[' Expr ']'  (47)
	Expr : Expr . DOUBLEMOD Expr  (54)
	Expr : Expr . DOUBLEPLUS Expr  (55)
	Expr : Expr . '[' Expr ':' Expr ']'  (56)
	Expr : Expr . '[' Expr ']' DEFAULT Expr  (57)
	Expr : Expr . '+' Expr  (60)
	Expr : Expr . '-' Expr  (61)
	Expr : Expr '-' Expr .  (61)
	Expr : Expr . '*' Expr  (62)
	Expr : Expr . '/' Expr  (63)
	Expr : Expr . '%' Expr  (64)
	Expr : Expr . EQUAL Expr  (65)
	Expr : Expr . NOT_EQUAL Expr  (66)
	Expr : Expr . '<' Expr  (67)
	Expr : Expr . '>' Expr  (68)
	Expr : Expr . LESS_EQUAL Expr  (69)
	Expr : Expr . GREATER_EQUAL Expr  (70)
	Expr : Expr . AND Expr  (71)
	Expr : Expr . OR Expr  (72)

	'*'  shift 126
	'/'  shift 127
	'%'  shift 128
	'.'  shift 131
	'['  shift 132
	WHILE  reduce 61
	FOR  reduce 61
	IF  reduce 61
	AND  reduce 61
	OR  reduce 61
	LESS_EQUAL  reduce 61
	GREATER_EQUAL  reduce 61
	EQUAL  reduce 61
	NOT_EQUAL  reduce 61
	'+'  reduce 61
	'-'  reduce 61
	'>'  reduce 61
	'<'  reduce 61
	','  reduce 61
	';'  reduce 61
	')'  reduce 61
	']'  reduce 61
	DOUBLEMOD  reduce 61
	DOUBLEPLUS  reduce 61
	':'  reduce 61


state 167
	Receiver : Expr . '.'  (44)
	LValue : Expr . '[' Expr ']'  (47)
	Expr : Expr . DOUBLEMOD Expr  (54)
	Expr : Expr . DOUBLEPLUS Expr  (55)
	Expr : Expr . '[' Expr ':' Expr ']'  (56)
	Expr : Expr . '[' Expr ']' DEFAULT Expr  (57)
	Expr : Expr . '+' Expr  (60)
	Expr : Expr . '-' Expr  (61)
	Expr : Expr . '*' Expr  (62)
	Expr : Expr '*' Expr .  (62)
	Expr : Expr . '/' Expr  (63)
	Expr : Expr . '%' Expr  (64)
	Expr : Expr . EQUAL Expr  (65)
	Expr : Expr . NOT_EQUAL Expr  (66)
	Expr : Expr . '<' Expr  (67)
	Expr : Expr . '>' Expr  (68)
	Expr : Expr . LESS_EQUAL Expr  (69)
	Expr : Expr . GREATER_EQUAL Expr  (70)
	Expr : Expr . AND Expr  (71)
	Expr : Expr . OR Expr  (72)

	'.'  shift 131
	'['  shift 132
	WHILE  reduce 62
	FOR  reduce 62
	IF  reduce 62
	AND  reduce 62
	OR  reduce 62
	LESS_EQUAL  reduce 62
	GREATER_EQUAL  reduce 62
	EQUAL  reduce 62
	NOT_EQUAL  reduce 62
	'+'  reduce 62
	'-'  reduce 62
	'*'  reduce 62
	'/'  reduce 62
	'%'  reduce 62
	'>'  reduce 62
	'<'  reduce 62
	','  reduce 62
	';'  reduce 62
	')'  reduce 62
	']'  reduce 62
	DOUBLEMOD  reduce 62
	DOUBLEPLUS  reduce 62
	':'  reduce 62


state 168
	Receiver : Expr . '.'  (44)
	LValue : Expr . '[' Expr ']'  (47)
	Expr : Expr . DOUBLEMOD Expr  (54)
	Expr : Expr . DOUBLEPLUS Expr  (55)
	Expr : Expr . '[' Expr ':' Expr ']'  (56)
	Expr : Expr . '[' Expr ']' DEFAULT Expr  (57)
	Expr : Expr . '+' Expr  (60)
	Expr : Expr . '-' Expr  (61)
	Expr : Expr . '*' Expr  (62)
	Expr : Expr . '/' Expr  (63)
	Expr : Expr '/' Expr .  (63)
	Expr : Expr . '%' Expr  (64)
	Expr : Expr . EQUAL Expr  (65)
	Expr : Expr . NOT_EQUAL Expr  (66)
	Expr : Expr . '<' Expr  (67)
	Expr : Expr . '>' Expr  (68)
	Expr : Expr . LESS_EQUAL Expr  (69)
	Expr : Expr . GREATER_EQUAL Expr  (70)
	Expr : Expr . AND Expr  (71)
	Expr : Expr . OR Expr  (72)

	'.'  shift 131
	'['  shift 132
	WHILE  reduce 63
	FOR  reduce 63
	IF  reduce 63
	AND  reduce 63
	OR  reduce 63
	LESS_EQUAL  reduce 63
	GREATER_EQUAL  reduce 63
	EQUAL  reduce 63
	NOT_EQUAL  reduce 63
	'+'  reduce 63
	'-'  reduce 63
	'*'  reduce 63
	'/'  reduce 63
	'%'  reduce 63
	'>'  reduce 63
	'<'  reduce 63
	','  reduce 63
	';'  reduce 63
	')'  reduce 63
	']'  reduce 63
	DOUBLEMOD  reduce 63
	DOUBLEPLUS  reduce 63
	':'  reduce 63


state 169
	Receiver : Expr . '.'  (44)
	LValue : Expr . '[' Expr ']'  (47)
	Expr : Expr . DOUBLEMOD Expr  (54)
	Expr : Expr . DOUBLEPLUS Expr  (55)
	Expr : Expr . '[' Expr ':' Expr ']'  (56)
	Expr : Expr . '[' Expr ']' DEFAULT Expr  (57)
	Expr : Expr . '+' Expr  (60)
	Expr : Expr . '-' Expr  (61)
	Expr : Expr . '*' Expr  (62)
	Expr : Expr . '/' Expr  (63)
	Expr : Expr . '%' Expr  (64)
	Expr : Expr '%' Expr .  (64)
	Expr : Expr . EQUAL Expr  (65)
	Expr : Expr . NOT_EQUAL Expr  (66)
	Expr : Expr . '<' Expr  (67)
	Expr : Expr . '>' Expr  (68)
	Expr : Expr . LESS_EQUAL Expr  (69)
	Expr : Expr . GREATER_EQUAL Expr  (70)
	Expr : Expr . AND Expr  (71)
	Expr : Expr . OR Expr  (72)

	'.'  shift 131
	'['  shift 132
	WHILE  reduce 64
	FOR  reduce 64
	IF  reduce 64
	AND  reduce 64
	OR  reduce 64
	LESS_EQUAL  reduce 64
	GREATER_EQUAL  reduce 64
	EQUAL  reduce 64
	NOT_EQUAL  reduce 64
	'+'  reduce 64
	'-'  reduce 64
	'*'  reduce 64
	'/'  reduce 64
	'%'  reduce 64
	'>'  reduce 64
	'<'  reduce 64
	','  reduce 64
	';'  reduce 64
	')'  reduce 64
	']'  reduce 64
	DOUBLEMOD  reduce 64
	DOUBLEPLUS  reduce 64
	':'  reduce 64


state 170
	Receiver : Expr . '.'  (44)
	LValue : Expr . '[' Expr ']'  (47)
	Expr : Expr . DOUBLEMOD Expr  (54)
	Expr : Expr . DOUBLEPLUS Expr  (55)
	Expr : Expr . '[' Expr ':' Expr ']'  (56)
	Expr : Expr . '[' Expr ']' DEFAULT Expr  (57)
	Expr : Expr . '+' Expr  (60)
	Expr : Expr . '-' Expr  (61)
	Expr : Expr . '*' Expr  (62)
	Expr : Expr . '/' Expr  (63)
	Expr : Expr . '%' Expr  (64)
	Expr : Expr . EQUAL Expr  (65)
	Expr : Expr . NOT_EQUAL Expr  (66)
	Expr : Expr . '<' Expr  (67)
	Expr : Expr . '>' Expr  (68)
	Expr : Expr '>' Expr .  (68)
	Expr : Expr . LESS_EQUAL Expr  (69)
	Expr : Expr . GREATER_EQUAL Expr  (70)
	Expr : Expr . AND Expr  (71)
	Expr : Expr . OR Expr  (72)

	'+'  shift 124
	'-'  shift 125
	'*'  shift 126
	'/'  shift 127
	'%'  shift 128
	'.'  shift 131
	'['  shift 132
	DOUBLEMOD  shift 133
	DOUBLEPLUS  shift 134
	WHILE  reduce 68
	FOR  reduce 68
	IF  reduce 68
	AND  reduce 68
	OR  reduce 68
	EQUAL  reduce 68
	NOT_EQUAL  reduce 68
	','  reduce 68
	';'  reduce 68
	')'  reduce 68
	']'  reduce 68
	':'  reduce 68


state 171
	Receiver : Expr . '.'  (44)
	LValue : Expr . '[' Expr ']'  (47)
	Expr : Expr . DOUBLEMOD Expr  (54)
	Expr : Expr . DOUBLEPLUS Expr  (55)
	Expr : Expr . '[' Expr ':' Expr ']'  (56)
	Expr : Expr . '[' Expr ']' DEFAULT Expr  (57)
	Expr : Expr . '+' Expr  (60)
	Expr : Expr . '-' Expr  (61)
	Expr : Expr . '*' Expr  (62)
	Expr : Expr . '/' Expr  (63)
	Expr : Expr . '%' Expr  (64)
	Expr : Expr . EQUAL Expr  (65)
	Expr : Expr . NOT_EQUAL Expr  (66)
	Expr : Expr . '<' Expr  (67)
	Expr : Expr '<' Expr .  (67)
	Expr : Expr . '>' Expr  (68)
	Expr : Expr . LESS_EQUAL Expr  (69)
	Expr : Expr . GREATER_EQUAL Expr  (70)
	Expr : Expr . AND Expr  (71)
	Expr : Expr . OR Expr  (72)

	'+'  shift 124
	'-'  shift 125
	'*'  shift 126
	'/'  shift 127
	'%'  shift 128
	'.'  shift 131
	'['  shift 132
	DOUBLEMOD  shift 133
	DOUBLEPLUS  shift 134
	WHILE  reduce 67
	FOR  reduce 67
	IF  reduce 67
	AND  reduce 67
	OR  reduce 67
	EQUAL  reduce 67
	NOT_EQUAL  reduce 67
	','  reduce 67
	';'  reduce 67
	')'  reduce 67
	']'  reduce 67
	':'  reduce 67


state 172
	Receiver : Expr . '.'  (44)
	LValue : Expr . '[' Expr ']'  (47)
	LValue : Expr '[' Expr . ']'  (47)
	Expr : Expr . DOUBLEMOD Expr  (54)
	Expr : Expr . DOUBLEPLUS Expr  (55)
	Expr : Expr . '[' Expr ':' Expr ']'  (56)
	Expr : Expr '[' Expr . ':' Expr ']'  (56)
	Expr : Expr . '[' Expr ']' DEFAULT Expr  (57)
	Expr : Expr '[' Expr . ']' DEFAULT Expr  (57)
	Expr : Expr . '+' Expr  (60)
	Expr : Expr . '-' Expr  (61)
	Expr : Expr . '*' Expr  (62)
	Expr : Expr . '/' Expr  (63)
	Expr : Expr . '%' Expr  (64)
	Expr : Expr . EQUAL Expr  (65)
	Expr : Expr . NOT_EQUAL Expr  (66)
	Expr : Expr . '<' Expr  (67)
	Expr : Expr . '>' Expr  (68)
	Expr : Expr . LESS_EQUAL Expr  (69)
	Expr : Expr . GREATER_EQUAL Expr  (70)
	Expr : Expr . AND Expr  (71)
	Expr : Expr . OR Expr  (72)

	AND  shift 118
	OR  shift 119
	LESS_EQUAL  shift 120
	GREATER_EQUAL  shift 121
	EQUAL  shift 122
	NOT_EQUAL  shift 123
	'+'  shift 124
	'-'  shift 125
	'*'  shift 126
	'/'  shift 127
	'%'  shift 128
	'>'  shift 129
	'<'  shift 130
	'.'  shift 131
	'['  shift 132
	']'  shift 193
	DOUBLEMOD  shift 133
	DOUBLEPLUS  shift 134
	':'  shift 194
	.  error


state 173
	Receiver : Expr . '.'  (44)
	LValue : Expr . '[' Expr ']'  (47)
	Expr : Expr . DOUBLEMOD Expr  (54)
	Expr : Expr DOUBLEMOD Expr .  (54)
	Expr : Expr . DOUBLEPLUS Expr  (55)
	Expr : Expr . '[' Expr ':' Expr ']'  (56)
	Expr : Expr . '[' Expr ']' DEFAULT Expr  (57)
	Expr : Expr . '+' Expr  (60)
	Expr : Expr . '-' Expr  (61)
	Expr : Expr . '*' Expr  (62)
	Expr : Expr . '/' Expr  (63)
	Expr : Expr . '%' Expr  (64)
	Expr : Expr . EQUAL Expr  (65)
	Expr : Expr . NOT_EQUAL Expr  (66)
	Expr : Expr . '<' Expr  (67)
	Expr : Expr . '>' Expr  (68)
	Expr : Expr . LESS_EQUAL Expr  (69)
	Expr : Expr . GREATER_EQUAL Expr  (70)
	Expr : Expr . AND Expr  (71)
	Expr : Expr . OR Expr  (72)

	'+'  shift 124
	'-'  shift 125
	'*'  shift 126
	'/'  shift 127
	'%'  shift 128
	'.'  shift 131
	'['  shift 132
	WHILE  reduce 54
	FOR  reduce 54
	IF  reduce 54
	AND  reduce 54
	OR  reduce 54
	LESS_EQUAL  reduce 54
	GREATER_EQUAL  reduce 54
	EQUAL  reduce 54
	NOT_EQUAL  reduce 54
	'>'  reduce 54
	'<'  reduce 54
	','  reduce 54
	';'  reduce 54
	')'  reduce 54
	']'  reduce 54
	DOUBLEMOD  reduce 54
	DOUBLEPLUS  reduce 54
	':'  reduce 54


state 174
	Receiver : Expr . '.'  (44)
	LValue : Expr . '[' Expr ']'  (47)
	Expr : Expr . DOUBLEMOD Expr  (54)
	Expr : Expr . DOUBLEPLUS Expr  (55)
	Expr : Expr DOUBLEPLUS Expr .  (55)
	Expr : Expr . '[' Expr ':' Expr ']'  (56)
	Expr : Expr . '[' Expr ']' DEFAULT Expr  (57)
	Expr : Expr . '+' Expr  (60)
	Expr : Expr . '-' Expr  (61)
	Expr : Expr . '*' Expr  (62)
	Expr : Expr . '/' Expr  (63)
	Expr : Expr . '%' Expr  (64)
	Expr : Expr . EQUAL Expr  (65)
	Expr : Expr . NOT_EQUAL Expr  (66)
	Expr : Expr . '<' Expr  (67)
	Expr : Expr . '>' Expr  (68)
	Expr : Expr . LESS_EQUAL Expr  (69)
	Expr : Expr . GREATER_EQUAL Expr  (70)
	Expr : Expr . AND Expr  (71)
	Expr : Expr . OR Expr  (72)

	'+'  shift 124
	'-'  shift 125
	'*'  shift 126
	'/'  shift 127
	'%'  shift 128
	'.'  shift 131
	'['  shift 132
	DOUBLEMOD  shift 133
	DOUBLEPLUS  shift 134
	WHILE  reduce 55
	FOR  reduce 55
	IF  reduce 55
	AND  reduce 55
	OR  reduce 55
	LESS_EQUAL  reduce 55
	GREATER_EQUAL  reduce 55
	EQUAL  reduce 55
	NOT_EQUAL  reduce 55
	'>'  reduce 55
	'<'  reduce 55
	','  reduce 55
	';'  reduce 55
	')'  reduce 55
	']'  reduce 55
	':'  reduce 55


state 175
	Call : Receiver IDENTIFIER '(' . Actuals ')'  (50)
	Receiver : .  (45)
	Actuals : .  (90)

	NULL  shift 48
	THIS  shift 49
	NEW  shift 55
	READ_INTEGER  shift 57
	READ_LINE  shift 58
	LITERAL  shift 59
	INSTANCEOF  shift 60
	'-'  shift 61
	'!'  shift 62
	'('  shift 63
	'['  shift 64
	VAR  shift 67
	IDENTIFIER  reduce 45
	')'  reduce 90

	LValue  goto 92
	Expr  goto 144
	Call  goto 94
	Receiver  goto 85
	VarDef  goto 86
	Actuals  goto 195
	Constant  goto 87
	ExprList  goto 196


state 176
	WhileStmt : WHILE '(' Expr ')' . Stmt  (93)
	SimpleStmt : .  (43)
	Receiver : .  (45)

	VOID  shift 14
	BOOL  shift 15
	INT  shift 16
	STRING  shift 17
	CLASS  shift 18
	NULL  shift 48
	THIS  shift 49
	WHILE  shift 50
	FOR  shift 51
	IF  shift 52
	RETURN  shift 53
	BREAK  shift 54
	NEW  shift 55
	PRINT  shift 56
	READ_INTEGER  shift 57
	READ_LINE  shift 58
	LITERAL  shift 59
	INSTANCEOF  shift 60
	'-'  shift 61
	'!'  shift 62
	'('  shift 63
	'['  shift 64
	'{'  shift 43
	SCOPY  shift 66
	VAR  shift 67
	FOREACH  shift 68
	IDENTIFIER  reduce 45
	';'  reduce 43

	VariableDef  goto 69
	Variable  goto 22
	Type  goto 35
	StmtBlock  goto 70
	Stmt  goto 197
	SimpleStmt  goto 72
	IfStmt  goto 73
	GuardedStmt  goto 74
	WhileStmt  goto 75
	ForStmt  goto 76
	ForeachStmt  goto 77
	ReturnStmt  goto 78
	PrintStmt  goto 79
	BreakStmt  goto 80
	OCStmt  goto 81
	LValue  goto 82
	Expr  goto 83
	Call  goto 84
	Receiver  goto 85
	VarDef  goto 86
	Constant  goto 87


state 177
	ForStmt : FOR '(' SimpleStmt ';' . Expr ';' SimpleStmt ')' Stmt  (94)
	Receiver : .  (45)

	NULL  shift 48
	THIS  shift 49
	NEW  shift 55
	READ_INTEGER  shift 57
	READ_LINE  shift 58
	LITERAL  shift 59
	INSTANCEOF  shift 60
	'-'  shift 61
	'!'  shift 62
	'('  shift 63
	'['  shift 64
	VAR  shift 67
	IDENTIFIER  reduce 45

	LValue  goto 92
	Expr  goto 198
	Call  goto 94
	Receiver  goto 85
	VarDef  goto 86
	Constant  goto 87


state 178
	IfStmt : IF '(' Expr ')' . Stmt ElseClause  (101)
	SimpleStmt : .  (43)
	Receiver : .  (45)

	VOID  shift 14
	BOOL  shift 15
	INT  shift 16
	STRING  shift 17
	CLASS  shift 18
	NULL  shift 48
	THIS  shift 49
	WHILE  shift 50
	FOR  shift 51
	IF  shift 52
	RETURN  shift 53
	BREAK  shift 54
	NEW  shift 55
	PRINT  shift 56
	READ_INTEGER  shift 57
	READ_LINE  shift 58
	LITERAL  shift 59
	INSTANCEOF  shift 60
	'-'  shift 61
	'!'  shift 62
	'('  shift 63
	'['  shift 64
	'{'  shift 43
	SCOPY  shift 66
	VAR  shift 67
	FOREACH  shift 68
	IDENTIFIER  reduce 45
	';'  reduce 43

	VariableDef  goto 69
	Variable  goto 22
	Type  goto 35
	StmtBlock  goto 70
	Stmt  goto 199
	SimpleStmt  goto 72
	IfStmt  goto 73
	GuardedStmt  goto 74
	WhileStmt  goto 75
	ForStmt  goto 76
	ForeachStmt  goto 77
	ReturnStmt  goto 78
	PrintStmt  goto 79
	BreakStmt  goto 80
	OCStmt  goto 81
	LValue  goto 82
	Expr  goto 83
	Call  goto 84
	Receiver  goto 85
	VarDef  goto 86
	Constant  goto 87


state 179
	IfSubStmt : Expr ':' . Stmt  (106)
	SimpleStmt : .  (43)
	Receiver : .  (45)

	VOID  shift 14
	BOOL  shift 15
	INT  shift 16
	STRING  shift 17
	CLASS  shift 18
	NULL  shift 48
	THIS  shift 49
	WHILE  shift 50
	FOR  shift 51
	IF  shift 52
	RETURN  shift 53
	BREAK  shift 54
	NEW  shift 55
	PRINT  shift 56
	READ_INTEGER  shift 57
	READ_LINE  shift 58
	LITERAL  shift 59
	INSTANCEOF  shift 60
	'-'  shift 61
	'!'  shift 62
	'('  shift 63
	'['  shift 64
	'{'  shift 43
	SCOPY  shift 66
	VAR  shift 67
	FOREACH  shift 68
	IDENTIFIER  reduce 45
	';'  reduce 43

	VariableDef  goto 69
	Variable  goto 22
	Type  goto 35
	StmtBlock  goto 70
	Stmt  goto 200
	SimpleStmt  goto 72
	IfStmt  goto 73
	GuardedStmt  goto 74
	WhileStmt  goto 75
	ForStmt  goto 76
	ForeachStmt  goto 77
	ReturnStmt  goto 78
	PrintStmt  goto 79
	BreakStmt  goto 80
	OCStmt  goto 81
	LValue  goto 82
	Expr  goto 83
	Call  goto 84
	Receiver  goto 85
	VarDef  goto 86
	Constant  goto 87


state 180
	GuardedStmt : IF '{' IfSubStmtList '}' .  (102)

	.  reduce 102


state 181
	IfSubStmtList : IfSubStmtList IFOR . IfSubStmt  (103)
	Receiver : .  (45)

	NULL  shift 48
	THIS  shift 49
	NEW  shift 55
	READ_INTEGER  shift 57
	READ_LINE  shift 58
	LITERAL  shift 59
	INSTANCEOF  shift 60
	'-'  shift 61
	'!'  shift 62
	'('  shift 63
	'['  shift 64
	VAR  shift 67
	IDENTIFIER  reduce 45

	LValue  goto 92
	Expr  goto 139
	Call  goto 94
	Receiver  goto 85
	VarDef  goto 86
	Constant  goto 87
	IfSubStmt  goto 201


state 182
	Expr : NEW IDENTIFIER '(' ')' .  (79)

	.  reduce 79


state 183
	Receiver : Expr . '.'  (44)
	LValue : Expr . '[' Expr ']'  (47)
	Expr : Expr . DOUBLEMOD Expr  (54)
	Expr : Expr . DOUBLEPLUS Expr  (55)
	Expr : Expr . '[' Expr ':' Expr ']'  (56)
	Expr : Expr . '[' Expr ']' DEFAULT Expr  (57)
	Expr : Expr . '+' Expr  (60)
	Expr : Expr . '-' Expr  (61)
	Expr : Expr . '*' Expr  (62)
	Expr : Expr . '/' Expr  (63)
	Expr : Expr . '%' Expr  (64)
	Expr : Expr . EQUAL Expr  (65)
	Expr : Expr . NOT_EQUAL Expr  (66)
	Expr : Expr . '<' Expr  (67)
	Expr : Expr . '>' Expr  (68)
	Expr : Expr . LESS_EQUAL Expr  (69)
	Expr : Expr . GREATER_EQUAL Expr  (70)
	Expr : Expr . AND Expr  (71)
	Expr : Expr . OR Expr  (72)
	Expr : NEW Type '[' Expr . ']'  (80)

	AND  shift 118
	OR  shift 119
	LESS_EQUAL  shift 120
	GREATER_EQUAL  shift 121
	EQUAL  shift 122
	NOT_EQUAL  shift 123
	'+'  shift 124
	'-'  shift 125
	'*'  shift 126
	'/'  shift 127
	'%'  shift 128
	'>'  shift 129
	'<'  shift 130
	'.'  shift 131
	'['  shift 132
	']'  shift 202
	DOUBLEMOD  shift 133
	DOUBLEPLUS  shift 134
	.  error


state 184
	ExprList : ExprList ',' . Expr  (91)
	Receiver : .  (45)

	NULL  shift 48
	THIS  shift 49
	NEW  shift 55
	READ_INTEGER  shift 57
	READ_LINE  shift 58
	LITERAL  shift 59
	INSTANCEOF  shift 60
	'-'  shift 61
	'!'  shift 62
	'('  shift 63
	'['  shift 64
	VAR  shift 67
	IDENTIFIER  reduce 45

	LValue  goto 92
	Expr  goto 203
	Call  goto 94
	Receiver  goto 85
	VarDef  goto 86
	Constant  goto 87


state 185
	PrintStmt : PRINT '(' ExprList ')' .  (111)

	.  reduce 111


state 186
	Expr : INSTANCEOF '(' Expr ',' . IDENTIFIER ')'  (81)

	IDENTIFIER  shift 204
	.  error


state 187
	Expr : '(' CLASS IDENTIFIER ')' . Expr  (82)
	Receiver : .  (45)

	NULL  shift 48
	THIS  shift 49
	NEW  shift 55
	READ_INTEGER  shift 57
	READ_LINE  shift 58
	LITERAL  shift 59
	INSTANCEOF  shift 60
	'-'  shift 61
	'!'  shift 62
	'('  shift 63
	'['  shift 64
	VAR  shift 67
	IDENTIFIER  reduce 45

	LValue  goto 92
	Expr  goto 205
	Call  goto 94
	Receiver  goto 85
	VarDef  goto 86
	Constant  goto 87


state 188
	Expr : '[' Expr FOR IDENTIFIER . IN Expr IF Expr ']'  (58)
	Expr : '[' Expr FOR IDENTIFIER . IN Expr ']'  (59)

	IN  shift 206
	.  error


state 189
	Constant : '[' . ConstantList ']'  (84)
	Constant : '[' . ']'  (85)

	NULL  shift 48
	LITERAL  shift 59
	'['  shift 189
	']'  shift 105
	.  error

	Constant  goto 207
	ConstantList  goto 108


state 190
	ConstantList : ConstantList ',' Constant .  (87)

	.  reduce 87


state 191
	OCStmt : SCOPY '(' IDENTIFIER ',' . Expr ')'  (100)
	Receiver : .  (45)

	NULL  shift 48
	THIS  shift 49
	NEW  shift 55
	READ_INTEGER  shift 57
	READ_LINE  shift 58
	LITERAL  shift 59
	INSTANCEOF  shift 60
	'-'  shift 61
	'!'  shift 62
	'('  shift 63
	'['  shift 64
	VAR  shift 67
	IDENTIFIER  reduce 45

	LValue  goto 92
	Expr  goto 208
	Call  goto 94
	Receiver  goto 85
	VarDef  goto 86
	Constant  goto 87


state 192
	ForeachStmt : FOREACH '(' BoundVar IN . Expr WHILE Expr ')' Stmt  (95)
	ForeachStmt : FOREACH '(' BoundVar IN . Expr ')' Stmt  (96)
	Receiver : .  (45)

	NULL  shift 48
	THIS  shift 49
	NEW  shift 55
	READ_INTEGER  shift 57
	READ_LINE  shift 58
	LITERAL  shift 59
	INSTANCEOF  shift 60
	'-'  shift 61
	'!'  shift 62
	'('  shift 63
	'['  shift 64
	VAR  shift 67
	IDENTIFIER  reduce 45

	LValue  goto 92
	Expr  goto 209
	Call  goto 94
	Receiver  goto 85
	VarDef  goto 86
	Constant  goto 87


state 193
	LValue : Expr '[' Expr ']' .  (47)
	Expr : Expr '[' Expr ']' . DEFAULT Expr  (57)

	DEFAULT  shift 210
	WHILE  reduce 47
	FOR  reduce 47
	IF  reduce 47
	AND  reduce 47
	OR  reduce 47
	LESS_EQUAL  reduce 47
	GREATER_EQUAL  reduce 47
	EQUAL  reduce 47
	NOT_EQUAL  reduce 47
	'+'  reduce 47
	'-'  reduce 47
	'*'  reduce 47
	'/'  reduce 47
	'%'  reduce 47
	'='  reduce 47
	'>'  reduce 47
	'<'  reduce 47
	'.'  reduce 47
	','  reduce 47
	';'  reduce 47
	')'  reduce 47
	'['  reduce 47
	']'  reduce 47
	DOUBLEMOD  reduce 47
	DOUBLEPLUS  reduce 47
	':'  reduce 47


state 194
	Expr : Expr '[' Expr ':' . Expr ']'  (56)
	Receiver : .  (45)

	NULL  shift 48
	THIS  shift 49
	NEW  shift 55
	READ_INTEGER  shift 57
	READ_LINE  shift 58
	LITERAL  shift 59
	INSTANCEOF  shift 60
	'-'  shift 61
	'!'  shift 62
	'('  shift 63
	'['  shift 64
	VAR  shift 67
	IDENTIFIER  reduce 45

	LValue  goto 92
	Expr  goto 211
	Call  goto 94
	Receiver  goto 85
	VarDef  goto 86
	Constant  goto 87


state 195
	Call : Receiver IDENTIFIER '(' Actuals . ')'  (50)

	')'  shift 212
	.  error


state 196
	Actuals : ExprList .  (89)
	ExprList : ExprList . ',' Expr  (91)

	','  shift 184
	')'  reduce 89


state 197
	WhileStmt : WHILE '(' Expr ')' Stmt .  (93)

	.  reduce 93


state 198
	Receiver : Expr . '.'  (44)
	LValue : Expr . '[' Expr ']'  (47)
	Expr : Expr . DOUBLEMOD Expr  (54)
	Expr : Expr . DOUBLEPLUS Expr  (55)
	Expr : Expr . '[' Expr ':' Expr ']'  (56)
	Expr : Expr . '[' Expr ']' DEFAULT Expr  (57)
	Expr : Expr . '+' Expr  (60)
	Expr : Expr . '-' Expr  (61)
	Expr : Expr . '*' Expr  (62)
	Expr : Expr . '/' Expr  (63)
	Expr : Expr . '%' Expr  (64)
	Expr : Expr . EQUAL Expr  (65)
	Expr : Expr . NOT_EQUAL Expr  (66)
	Expr : Expr . '<' Expr  (67)
	Expr : Expr . '>' Expr  (68)
	Expr : Expr . LESS_EQUAL Expr  (69)
	Expr : Expr . GREATER_EQUAL Expr  (70)
	Expr : Expr . AND Expr  (71)
	Expr : Expr . OR Expr  (72)
	ForStmt : FOR '(' SimpleStmt ';' Expr . ';' SimpleStmt ')' Stmt  (94)

	AND  shift 118
	OR  shift 119
	LESS_EQUAL  shift 120
	GREATER_EQUAL  shift 121
	EQUAL  shift 122
	NOT_EQUAL  shift 123
	'+'  shift 124
	'-'  shift 125
	'*'  shift 126
	'/'  shift 127
	'%'  shift 128
	'>'  shift 129
	'<'  shift 130
	'.'  shift 131
	';'  shift 213
	'['  shift 132
	DOUBLEMOD  shift 133
	DOUBLEPLUS  shift 134
	.  error


state 199
	IfStmt : IF '(' Expr ')' Stmt . ElseClause  (101)
	ElseClause : .  (108)

	ELSE  shift 214
	VOID  reduce 108
	BOOL  reduce 108
	INT  reduce 108
	STRING  reduce 108
	CLASS  reduce 108
	NULL  reduce 108
	THIS  reduce 108
	WHILE  reduce 108
	FOR  reduce 108
	IF  reduce 108
	RETURN  reduce 108
	BREAK  reduce 108
	NEW  reduce 108
	PRINT  reduce 108
	READ_INTEGER  reduce 108
	READ_LINE  reduce 108
	LITERAL  reduce 108
	IDENTIFIER  reduce 108
	INSTANCEOF  reduce 108
	'-'  reduce 108
	';'  reduce 108
	'!'  reduce 108
	'('  reduce 108
	'['  reduce 108
	'{'  reduce 108
	'}'  reduce 108
	SCOPY  reduce 108
	IFOR  reduce 108
	VAR  reduce 108
	FOREACH  reduce 108

	ElseClause  goto 215


state 200
	IfSubStmt : Expr ':' Stmt .  (106)

	.  reduce 106


state 201
	IfSubStmtList : IfSubStmtList IFOR IfSubStmt .  (103)

	.  reduce 103


state 202
	Expr : NEW Type '[' Expr ']' .  (80)

	.  reduce 80


state 203
	Receiver : Expr . '.'  (44)
	LValue : Expr . '[' Expr ']'  (47)
	Expr : Expr . DOUBLEMOD Expr  (54)
	Expr : Expr . DOUBLEPLUS Expr  (55)
	Expr : Expr . '[' Expr ':' Expr ']'  (56)
	Expr : Expr . '[' Expr ']' DEFAULT Expr  (57)
	Expr : Expr . '+' Expr  (60)
	Expr : Expr . '-' Expr  (61)
	Expr : Expr . '*' Expr  (62)
	Expr : Expr . '/' Expr  (63)
	Expr : Expr . '%' Expr  (64)
	Expr : Expr . EQUAL Expr  (65)
	Expr : Expr . NOT_EQUAL Expr  (66)
	Expr : Expr . '<' Expr  (67)
	Expr : Expr . '>' Expr  (68)
	Expr : Expr . LESS_EQUAL Expr  (69)
	Expr : Expr . GREATER_EQUAL Expr  (70)
	Expr : Expr . AND Expr  (71)
	Expr : Expr . OR Expr  (72)
	ExprList : ExprList ',' Expr .  (91)

	AND  shift 118
	OR  shift 119
	LESS_EQUAL  shift 120
	GREATER_EQUAL  shift 121
	EQUAL  shift 122
	NOT_EQUAL  shift 123
	'+'  shift 124
	'-'  shift 125
	'*'  shift 126
	'/'  shift 127
	'%'  shift 128
	'>'  shift 129
	'<'  shift 130
	'.'  shift 131
	'['  shift 132
	DOUBLEMOD  shift 133
	DOUBLEPLUS  shift 134
	','  reduce 91
	')'  reduce 91


state 204
	Expr : INSTANCEOF '(' Expr ',' IDENTIFIER . ')'  (81)

	')'  shift 216
	.  error


state 205
	Receiver : Expr . '.'  (44)
	LValue : Expr . '[' Expr ']'  (47)
	Expr : Expr . DOUBLEMOD Expr  (54)
	Expr : Expr . DOUBLEPLUS Expr  (55)
	Expr : Expr . '[' Expr ':' Expr ']'  (56)
	Expr : Expr . '[' Expr ']' DEFAULT Expr  (57)
	Expr : Expr . '+' Expr  (60)
	Expr : Expr . '-' Expr  (61)
	Expr : Expr . '*' Expr  (62)
	Expr : Expr . '/' Expr  (63)
	Expr : Expr . '%' Expr  (64)
	Expr : Expr . EQUAL Expr  (65)
	Expr : Expr . NOT_EQUAL Expr  (66)
	Expr : Expr . '<' Expr  (67)
	Expr : Expr . '>' Expr  (68)
	Expr : Expr . LESS_EQUAL Expr  (69)
	Expr : Expr . GREATER_EQUAL Expr  (70)
	Expr : Expr . AND Expr  (71)
	Expr : Expr . OR Expr  (72)
	Expr : '(' CLASS IDENTIFIER ')' Expr .  (82)

	.  reduce 82


state 206
	Expr : '[' Expr FOR IDENTIFIER IN . Expr IF Expr ']'  (58)
	Expr : '[' Expr FOR IDENTIFIER IN . Expr ']'  (59)
	Receiver : .  (45)

	NULL  shift 48
	THIS  shift 49
	NEW  shift 55
	READ_INTEGER  shift 57
	READ_LINE  shift 58
	LITERAL  shift 59
	INSTANCEOF  shift 60
	'-'  shift 61
	'!'  shift 62
	'('  shift 63
	'['  shift 64
	VAR  shift 67
	IDENTIFIER  reduce 45

	LValue  goto 92
	Expr  goto 217
	Call  goto 94
	Receiver  goto 85
	VarDef  goto 86
	Constant  goto 87


state 207
	ConstantList : Constant .  (88)

	.  reduce 88


state 208
	Receiver : Expr . '.'  (44)
	LValue : Expr . '[' Expr ']'  (47)
	Expr : Expr . DOUBLEMOD Expr  (54)
	Expr : Expr . DOUBLEPLUS Expr  (55)
	Expr : Expr . '[' Expr ':' Expr ']'  (56)
	Expr : Expr . '[' Expr ']' DEFAULT Expr  (57)
	Expr : Expr . '+' Expr  (60)
	Expr : Expr . '-' Expr  (61)
	Expr : Expr . '*' Expr  (62)
	Expr : Expr . '/' Expr  (63)
	Expr : Expr . '%' Expr  (64)
	Expr : Expr . EQUAL Expr  (65)
	Expr : Expr . NOT_EQUAL Expr  (66)
	Expr : Expr . '<' Expr  (67)
	Expr : Expr . '>' Expr  (68)
	Expr : Expr . LESS_EQUAL Expr  (69)
	Expr : Expr . GREATER_EQUAL Expr  (70)
	Expr : Expr . AND Expr  (71)
	Expr : Expr . OR Expr  (72)
	OCStmt : SCOPY '(' IDENTIFIER ',' Expr . ')'  (100)

	AND  shift 118
	OR  shift 119
	LESS_EQUAL  shift 120
	GREATER_EQUAL  shift 121
	EQUAL  shift 122
	NOT_EQUAL  shift 123
	'+'  shift 124
	'-'  shift 125
	'*'  shift 126
	'/'  shift 127
	'%'  shift 128
	'>'  shift 129
	'<'  shift 130
	'.'  shift 131
	')'  shift 218
	'['  shift 132
	DOUBLEMOD  shift 133
	DOUBLEPLUS  shift 134
	.  error


state 209
	Receiver : Expr . '.'  (44)
	LValue : Expr . '[' Expr ']'  (47)
	Expr : Expr . DOUBLEMOD Expr  (54)
	Expr : Expr . DOUBLEPLUS Expr  (55)
	Expr : Expr . '[' Expr ':' Expr ']'  (56)
	Expr : Expr . '[' Expr ']' DEFAULT Expr  (57)
	Expr : Expr . '+' Expr  (60)
	Expr : Expr . '-' Expr  (61)
	Expr : Expr . '*' Expr  (62)
	Expr : Expr . '/' Expr  (63)
	Expr : Expr . '%' Expr  (64)
	Expr : Expr . EQUAL Expr  (65)
	Expr : Expr . NOT_EQUAL Expr  (66)
	Expr : Expr . '<' Expr  (67)
	Expr : Expr . '>' Expr  (68)
	Expr : Expr . LESS_EQUAL Expr  (69)
	Expr : Expr . GREATER_EQUAL Expr  (70)
	Expr : Expr . AND Expr  (71)
	Expr : Expr . OR Expr  (72)
	ForeachStmt : FOREACH '(' BoundVar IN Expr . WHILE Expr ')' Stmt  (95)
	ForeachStmt : FOREACH '(' BoundVar IN Expr . ')' Stmt  (96)

	WHILE  shift 219
	AND  shift 118
	OR  shift 119
	LESS_EQUAL  shift 120
	GREATER_EQUAL  shift 121
	EQUAL  shift 122
	NOT_EQUAL  shift 123
	'+'  shift 124
	'-'  shift 125
	'*'  shift 126
	'/'  shift 127
	'%'  shift 128
	'>'  shift 129
	'<'  shift 130
	'.'  shift 131
	')'  shift 220
	'['  shift 132
	DOUBLEMOD  shift 133
	DOUBLEPLUS  shift 134
	.  error


state 210
	Expr : Expr '[' Expr ']' DEFAULT . Expr  (57)
	Receiver : .  (45)

	NULL  shift 48
	THIS  shift 49
	NEW  shift 55
	READ_INTEGER  shift 57
	READ_LINE  shift 58
	LITERAL  shift 59
	INSTANCEOF  shift 60
	'-'  shift 61
	'!'  shift 62
	'('  shift 63
	'['  shift 64
	VAR  shift 67
	IDENTIFIER  reduce 45

	LValue  goto 92
	Expr  goto 221
	Call  goto 94
	Receiver  goto 85
	VarDef  goto 86
	Constant  goto 87


state 211
	Receiver : Expr . '.'  (44)
	LValue : Expr . '[' Expr ']'  (47)
	Expr : Expr . DOUBLEMOD Expr  (54)
	Expr : Expr . DOUBLEPLUS Expr  (55)
	Expr : Expr . '[' Expr ':' Expr ']'  (56)
	Expr : Expr '[' Expr ':' Expr . ']'  (56)
	Expr : Expr . '[' Expr ']' DEFAULT Expr  (57)
	Expr : Expr . '+' Expr  (60)
	Expr : Expr . '-' Expr  (61)
	Expr : Expr . '*' Expr  (62)
	Expr : Expr . '/' Expr  (63)
	Expr : Expr . '%' Expr  (64)
	Expr : Expr . EQUAL Expr  (65)
	Expr : Expr . NOT_EQUAL Expr  (66)
	Expr : Expr . '<' Expr  (67)
	Expr : Expr . '>' Expr  (68)
	Expr : Expr . LESS_EQUAL Expr  (69)
	Expr : Expr . GREATER_EQUAL Expr  (70)
	Expr : Expr . AND Expr  (71)
	Expr : Expr . OR Expr  (72)

	AND  shift 118
	OR  shift 119
	LESS_EQUAL  shift 120
	GREATER_EQUAL  shift 121
	EQUAL  shift 122
	NOT_EQUAL  shift 123
	'+'  shift 124
	'-'  shift 125
	'*'  shift 126
	'/'  shift 127
	'%'  shift 128
	'>'  shift 129
	'<'  shift 130
	'.'  shift 131
	'['  shift 132
	']'  shift 222
	DOUBLEMOD  shift 133
	DOUBLEPLUS  shift 134
	.  error


state 212
	Call : Receiver IDENTIFIER '(' Actuals ')' .  (50)

	.  reduce 50


state 213
	ForStmt : FOR '(' SimpleStmt ';' Expr ';' . SimpleStmt ')' Stmt  (94)
	SimpleStmt : .  (43)
	Receiver : .  (45)

	NULL  shift 48
	THIS  shift 49
	NEW  shift 55
	READ_INTEGER  shift 57
	READ_LINE  shift 58
	LITERAL  shift 59
	INSTANCEOF  shift 60
	'-'  shift 61
	'!'  shift 62
	'('  shift 63
	'['  shift 64
	VAR  shift 67
	IDENTIFIER  reduce 45
	')'  reduce 43

	SimpleStmt  goto 223
	LValue  goto 82
	Expr  goto 83
	Call  goto 84
	Receiver  goto 85
	VarDef  goto 86
	Constant  goto 87


state 214
	ElseClause : ELSE . Stmt  (107)
	SimpleStmt : .  (43)
	Receiver : .  (45)

	VOID  shift 14
	BOOL  shift 15
	INT  shift 16
	STRING  shift 17
	CLASS  shift 18
	NULL  shift 48
	THIS  shift 49
	WHILE  shift 50
	FOR  shift 51
	IF  shift 52
	RETURN  shift 53
	BREAK  shift 54
	NEW  shift 55
	PRINT  shift 56
	READ_INTEGER  shift 57
	READ_LINE  shift 58
	LITERAL  shift 59
	INSTANCEOF  shift 60
	'-'  shift 61
	'!'  shift 62
	'('  shift 63
	'['  shift 64
	'{'  shift 43
	SCOPY  shift 66
	VAR  shift 67
	FOREACH  shift 68
	IDENTIFIER  reduce 45
	';'  reduce 43

	VariableDef  goto 69
	Variable  goto 22
	Type  goto 35
	StmtBlock  goto 70
	Stmt  goto 224
	SimpleStmt  goto 72
	IfStmt  goto 73
	GuardedStmt  goto 74
	WhileStmt  goto 75
	ForStmt  goto 76
	ForeachStmt  goto 77
	ReturnStmt  goto 78
	PrintStmt  goto 79
	BreakStmt  goto 80
	OCStmt  goto 81
	LValue  goto 82
	Expr  goto 83
	Call  goto 84
	Receiver  goto 85
	VarDef  goto 86
	Constant  goto 87


state 215
	IfStmt : IF '(' Expr ')' Stmt ElseClause .  (101)

	.  reduce 101


state 216
	Expr : INSTANCEOF '(' Expr ',' IDENTIFIER ')' .  (81)

	.  reduce 81


state 217
	Receiver : Expr . '.'  (44)
	LValue : Expr . '[' Expr ']'  (47)
	Expr : Expr . DOUBLEMOD Expr  (54)
	Expr : Expr . DOUBLEPLUS Expr  (55)
	Expr : Expr . '[' Expr ':' Expr ']'  (56)
	Expr : Expr . '[' Expr ']' DEFAULT Expr  (57)
	Expr : '[' Expr FOR IDENTIFIER IN Expr . IF Expr ']'  (58)
	Expr : '[' Expr FOR IDENTIFIER IN Expr . ']'  (59)
	Expr : Expr . '+' Expr  (60)
	Expr : Expr . '-' Expr  (61)
	Expr : Expr . '*' Expr  (62)
	Expr : Expr . '/' Expr  (63)
	Expr : Expr . '%' Expr  (64)
	Expr : Expr . EQUAL Expr  (65)
	Expr : Expr . NOT_EQUAL Expr  (66)
	Expr : Expr . '<' Expr  (67)
	Expr : Expr . '>' Expr  (68)
	Expr : Expr . LESS_EQUAL Expr  (69)
	Expr : Expr . GREATER_EQUAL Expr  (70)
	Expr : Expr . AND Expr  (71)
	Expr : Expr . OR Expr  (72)

	IF  shift 225
	AND  shift 118
	OR  shift 119
	LESS_EQUAL  shift 120
	GREATER_EQUAL  shift 121
	EQUAL  shift 122
	NOT_EQUAL  shift 123
	'+'  shift 124
	'-'  shift 125
	'*'  shift 126
	'/'  shift 127
	'%'  shift 128
	'>'  shift 129
	'<'  shift 130
	'.'  shift 131
	'['  shift 132
	']'  shift 226
	DOUBLEMOD  shift 133
	DOUBLEPLUS  shift 134
	.  error


state 218
	OCStmt : SCOPY '(' IDENTIFIER ',' Expr ')' .  (100)

	.  reduce 100


state 219
	ForeachStmt : FOREACH '(' BoundVar IN Expr WHILE . Expr ')' Stmt  (95)
	Receiver : .  (45)

	NULL  shift 48
	THIS  shift 49
	NEW  shift 55
	READ_INTEGER  shift 57
	READ_LINE  shift 58
	LITERAL  shift 59
	INSTANCEOF  shift 60
	'-'  shift 61
	'!'  shift 62
	'('  shift 63
	'['  shift 64
	VAR  shift 67
	IDENTIFIER  reduce 45

	LValue  goto 92
	Expr  goto 227
	Call  goto 94
	Receiver  goto 85
	VarDef  goto 86
	Constant  goto 87


state 220
	ForeachStmt : FOREACH '(' BoundVar IN Expr ')' . Stmt  (96)
	SimpleStmt : .  (43)
	Receiver : .  (45)

	VOID  shift 14
	BOOL  shift 15
	INT  shift 16
	STRING  shift 17
	CLASS  shift 18
	NULL  shift 48
	THIS  shift 49
	WHILE  shift 50
	FOR  shift 51
	IF  shift 52
	RETURN  shift 53
	BREAK  shift 54
	NEW  shift 55
	PRINT  shift 56
	READ_INTEGER  shift 57
	READ_LINE  shift 58
	LITERAL  shift 59
	INSTANCEOF  shift 60
	'-'  shift 61
	'!'  shift 62
	'('  shift 63
	'['  shift 64
	'{'  shift 43
	SCOPY  shift 66
	VAR  shift 67
	FOREACH  shift 68
	IDENTIFIER  reduce 45
	';'  reduce 43

	VariableDef  goto 69
	Variable  goto 22
	Type  goto 35
	StmtBlock  goto 70
	Stmt  goto 228
	SimpleStmt  goto 72
	IfStmt  goto 73
	GuardedStmt  goto 74
	WhileStmt  goto 75
	ForStmt  goto 76
	ForeachStmt  goto 77
	ReturnStmt  goto 78
	PrintStmt  goto 79
	BreakStmt  goto 80
	OCStmt  goto 81
	LValue  goto 82
	Expr  goto 83
	Call  goto 84
	Receiver  goto 85
	VarDef  goto 86
	Constant  goto 87


state 221
	Receiver : Expr . '.'  (44)
	LValue : Expr . '[' Expr ']'  (47)
	Expr : Expr . DOUBLEMOD Expr  (54)
	Expr : Expr . DOUBLEPLUS Expr  (55)
	Expr : Expr . '[' Expr ':' Expr ']'  (56)
	Expr : Expr . '[' Expr ']' DEFAULT Expr  (57)
	Expr : Expr '[' Expr ']' DEFAULT Expr .  (57)
	Expr : Expr . '+' Expr  (60)
	Expr : Expr . '-' Expr  (61)
	Expr : Expr . '*' Expr  (62)
	Expr : Expr . '/' Expr  (63)
	Expr : Expr . '%' Expr  (64)
	Expr : Expr . EQUAL Expr  (65)
	Expr : Expr . NOT_EQUAL Expr  (66)
	Expr : Expr . '<' Expr  (67)
	Expr : Expr . '>' Expr  (68)
	Expr : Expr . LESS_EQUAL Expr  (69)
	Expr : Expr . GREATER_EQUAL Expr  (70)
	Expr : Expr . AND Expr  (71)
	Expr : Expr . OR Expr  (72)

	.  reduce 57


state 222
	Expr : Expr '[' Expr ':' Expr ']' .  (56)

	.  reduce 56


state 223
	ForStmt : FOR '(' SimpleStmt ';' Expr ';' SimpleStmt . ')' Stmt  (94)

	')'  shift 229
	.  error


state 224
	ElseClause : ELSE Stmt .  (107)

	.  reduce 107


state 225
	Expr : '[' Expr FOR IDENTIFIER IN Expr IF . Expr ']'  (58)
	Receiver : .  (45)

	NULL  shift 48
	THIS  shift 49
	NEW  shift 55
	READ_INTEGER  shift 57
	READ_LINE  shift 58
	LITERAL  shift 59
	INSTANCEOF  shift 60
	'-'  shift 61
	'!'  shift 62
	'('  shift 63
	'['  shift 64
	VAR  shift 67
	IDENTIFIER  reduce 45

	LValue  goto 92
	Expr  goto 230
	Call  goto 94
	Receiver  goto 85
	VarDef  goto 86
	Constant  goto 87


state 226
	Expr : '[' Expr FOR IDENTIFIER IN Expr ']' .  (59)

	.  reduce 59


state 227
	Receiver : Expr . '.'  (44)
	LValue : Expr . '[' Expr ']'  (47)
	Expr : Expr . DOUBLEMOD Expr  (54)
	Expr : Expr . DOUBLEPLUS Expr  (55)
	Expr : Expr . '[' Expr ':' Expr ']'  (56)
	Expr : Expr . '[' Expr ']' DEFAULT Expr  (57)
	Expr : Expr . '+' Expr  (60)
	Expr : Expr . '-' Expr  (61)
	Expr : Expr . '*' Expr  (62)
	Expr : Expr . '/' Expr  (63)
	Expr : Expr . '%' Expr  (64)
	Expr : Expr . EQUAL Expr  (65)
	Expr : Expr . NOT_EQUAL Expr  (66)
	Expr : Expr . '<' Expr  (67)
	Expr : Expr . '>' Expr  (68)
	Expr : Expr . LESS_EQUAL Expr  (69)
	Expr : Expr . GREATER_EQUAL Expr  (70)
	Expr : Expr . AND Expr  (71)
	Expr : Expr . OR Expr  (72)
	ForeachStmt : FOREACH '(' BoundVar IN Expr WHILE Expr . ')' Stmt  (95)

	AND  shift 118
	OR  shift 119
	LESS_EQUAL  shift 120
	GREATER_EQUAL  shift 121
	EQUAL  shift 122
	NOT_EQUAL  shift 123
	'+'  shift 124
	'-'  shift 125
	'*'  shift 126
	'/'  shift 127
	'%'  shift 128
	'>'  shift 129
	'<'  shift 130
	'.'  shift 131
	')'  shift 231
	'['  shift 132
	DOUBLEMOD  shift 133
	DOUBLEPLUS  shift 134
	.  error


state 228
	ForeachStmt : FOREACH '(' BoundVar IN Expr ')' Stmt .  (96)

	.  reduce 96


state 229
	ForStmt : FOR '(' SimpleStmt ';' Expr ';' SimpleStmt ')' . Stmt  (94)
	SimpleStmt : .  (43)
	Receiver : .  (45)

	VOID  shift 14
	BOOL  shift 15
	INT  shift 16
	STRING  shift 17
	CLASS  shift 18
	NULL  shift 48
	THIS  shift 49
	WHILE  shift 50
	FOR  shift 51
	IF  shift 52
	RETURN  shift 53
	BREAK  shift 54
	NEW  shift 55
	PRINT  shift 56
	READ_INTEGER  shift 57
	READ_LINE  shift 58
	LITERAL  shift 59
	INSTANCEOF  shift 60
	'-'  shift 61
	'!'  shift 62
	'('  shift 63
	'['  shift 64
	'{'  shift 43
	SCOPY  shift 66
	VAR  shift 67
	FOREACH  shift 68
	IDENTIFIER  reduce 45
	';'  reduce 43

	VariableDef  goto 69
	Variable  goto 22
	Type  goto 35
	StmtBlock  goto 70
	Stmt  goto 232
	SimpleStmt  goto 72
	IfStmt  goto 73
	GuardedStmt  goto 74
	WhileStmt  goto 75
	ForStmt  goto 76
	ForeachStmt  goto 77
	ReturnStmt  goto 78
	PrintStmt  goto 79
	BreakStmt  goto 80
	OCStmt  goto 81
	LValue  goto 82
	Expr  goto 83
	Call  goto 84
	Receiver  goto 85
	VarDef  goto 86
	Constant  goto 87


state 230
	Receiver : Expr . '.'  (44)
	LValue : Expr . '[' Expr ']'  (47)
	Expr : Expr . DOUBLEMOD Expr  (54)
	Expr : Expr . DOUBLEPLUS Expr  (55)
	Expr : Expr . '[' Expr ':' Expr ']'  (56)
	Expr : Expr . '[' Expr ']' DEFAULT Expr  (57)
	Expr : '[' Expr FOR IDENTIFIER IN Expr IF Expr . ']'  (58)
	Expr : Expr . '+' Expr  (60)
	Expr : Expr . '-' Expr  (61)
	Expr : Expr . '*' Expr  (62)
	Expr : Expr . '/' Expr  (63)
	Expr : Expr . '%' Expr  (64)
	Expr : Expr . EQUAL Expr  (65)
	Expr : Expr . NOT_EQUAL Expr  (66)
	Expr : Expr . '<' Expr  (67)
	Expr : Expr . '>' Expr  (68)
	Expr : Expr . LESS_EQUAL Expr  (69)
	Expr : Expr . GREATER_EQUAL Expr  (70)
	Expr : Expr . AND Expr  (71)
	Expr : Expr . OR Expr  (72)

	AND  shift 118
	OR  shift 119
	LESS_EQUAL  shift 120
	GREATER_EQUAL  shift 121
	EQUAL  shift 122
	NOT_EQUAL  shift 123
	'+'  shift 124
	'-'  shift 125
	'*'  shift 126
	'/'  shift 127
	'%'  shift 128
	'>'  shift 129
	'<'  shift 130
	'.'  shift 131
	'['  shift 132
	']'  shift 233
	DOUBLEMOD  shift 133
	DOUBLEPLUS  shift 134
	.  error


state 231
	ForeachStmt : FOREACH '(' BoundVar IN Expr WHILE Expr ')' . Stmt  (95)
	SimpleStmt : .  (43)
	Receiver : .  (45)

	VOID  shift 14
	BOOL  shift 15
	INT  shift 16
	STRING  shift 17
	CLASS  shift 18
	NULL  shift 48
	THIS  shift 49
	WHILE  shift 50
	FOR  shift 51
	IF  shift 52
	RETURN  shift 53
	BREAK  shift 54
	NEW  shift 55
	PRINT  shift 56
	READ_INTEGER  shift 57
	READ_LINE  shift 58
	LITERAL  shift 59
	INSTANCEOF  shift 60
	'-'  shift 61
	'!'  shift 62
	'('  shift 63
	'['  shift 64
	'{'  shift 43
	SCOPY  shift 66
	VAR  shift 67
	FOREACH  shift 68
	IDENTIFIER  reduce 45
	';'  reduce 43

	VariableDef  goto 69
	Variable  goto 22
	Type  goto 35
	StmtBlock  goto 70
	Stmt  goto 234
	SimpleStmt  goto 72
	IfStmt  goto 73
	GuardedStmt  goto 74
	WhileStmt  goto 75
	ForStmt  goto 76
	ForeachStmt  goto 77
	ReturnStmt  goto 78
	PrintStmt  goto 79
	BreakStmt  goto 80
	OCStmt  goto 81
	LValue  goto 82
	Expr  goto 83
	Call  goto 84
	Receiver  goto 85
	VarDef  goto 86
	Constant  goto 87


state 232
	ForStmt : FOR '(' SimpleStmt ';' Expr ';' SimpleStmt ')' Stmt .  (94)

	.  reduce 94


state 233
	Expr : '[' Expr FOR IDENTIFIER IN Expr IF Expr ']' .  (58)

	.  reduce 58


state 234
	ForeachStmt : FOREACH '(' BoundVar IN Expr WHILE Expr ')' Stmt .  (95)

	.  reduce 95


60 terminals, 39 nonterminals
112 grammar rules, 235 states
